{"/Users/test/project_for_agency/cat-mood-app/CatWishExpo/src/components/Button.tsx": {"path":"/Users/test/project_for_agency/cat-mood-app/CatWishExpo/src/components/Button.tsx","statementMap":{"0":{"start":{"line":28,"column":45},"end":{"line":102,"column":1}},"1":{"start":{"line":40,"column":48},"end":{"line":40,"column":63}},"2":{"start":{"line":41,"column":36},"end":{"line":41,"column":47}},"3":{"start":{"line":43,"column":22},"end":{"line":67,"column":92}},"4":{"start":{"line":45,"column":4},"end":{"line":47,"column":5}},"5":{"start":{"line":46,"column":6},"end":{"line":46,"column":13}},"6":{"start":{"line":50,"column":4},"end":{"line":56,"column":5}},"7":{"start":{"line":51,"column":18},"end":{"line":51,"column":28}},"8":{"start":{"line":52,"column":6},"end":{"line":54,"column":7}},"9":{"start":{"line":53,"column":8},"end":{"line":53,"column":15}},"10":{"start":{"line":55,"column":6},"end":{"line":55,"column":24}},"11":{"start":{"line":59,"column":4},"end":{"line":66,"column":5}},"12":{"start":{"line":60,"column":6},"end":{"line":60,"column":31}},"13":{"start":{"line":61,"column":6},"end":{"line":61,"column":22}},"14":{"start":{"line":63,"column":6},"end":{"line":63,"column":50}},"15":{"start":{"line":65,"column":6},"end":{"line":65,"column":32}},"16":{"start":{"line":69,"column":20},"end":{"line":69,"column":54}},"17":{"start":{"line":71,"column":2},"end":{"line":101,"column":4}},"18":{"start":{"line":104,"column":15},"end":{"line":186,"column":2}}},"fnMap":{"0":{"name":"(anonymous_0)","decl":{"start":{"line":28,"column":45},"end":{"line":28,"column":46}},"loc":{"start":{"line":39,"column":6},"end":{"line":102,"column":1}},"line":39},"1":{"name":"(anonymous_1)","decl":{"start":{"line":43,"column":34},"end":{"line":43,"column":35}},"loc":{"start":{"line":43,"column":46},"end":{"line":67,"column":3}},"line":43}},"branchMap":{"0":{"loc":{"start":{"line":31,"column":2},"end":{"line":31,"column":21}},"type":"default-arg","locations":[{"start":{"line":31,"column":12},"end":{"line":31,"column":21}}],"line":31},"1":{"loc":{"start":{"line":32,"column":2},"end":{"line":32,"column":17}},"type":"default-arg","locations":[{"start":{"line":32,"column":9},"end":{"line":32,"column":17}}],"line":32},"2":{"loc":{"start":{"line":33,"column":2},"end":{"line":33,"column":18}},"type":"default-arg","locations":[{"start":{"line":33,"column":13},"end":{"line":33,"column":18}}],"line":33},"3":{"loc":{"start":{"line":34,"column":11},"end":{"line":34,"column":34}},"type":"default-arg","locations":[{"start":{"line":34,"column":29},"end":{"line":34,"column":34}}],"line":34},"4":{"loc":{"start":{"line":36,"column":2},"end":{"line":36,"column":19}},"type":"default-arg","locations":[{"start":{"line":36,"column":14},"end":{"line":36,"column":19}}],"line":36},"5":{"loc":{"start":{"line":37,"column":2},"end":{"line":37,"column":18}},"type":"default-arg","locations":[{"start":{"line":37,"column":13},"end":{"line":37,"column":18}}],"line":37},"6":{"loc":{"start":{"line":38,"column":2},"end":{"line":38,"column":18}},"type":"default-arg","locations":[{"start":{"line":38,"column":15},"end":{"line":38,"column":18}}],"line":38},"7":{"loc":{"start":{"line":45,"column":4},"end":{"line":47,"column":5}},"type":"if","locations":[{"start":{"line":45,"column":4},"end":{"line":47,"column":5}},{"start":{},"end":{}}],"line":45},"8":{"loc":{"start":{"line":45,"column":8},"end":{"line":45,"column":54}},"type":"binary-expr","locations":[{"start":{"line":45,"column":8},"end":{"line":45,"column":16}},{"start":{"line":45,"column":20},"end":{"line":45,"column":35}},{"start":{"line":45,"column":39},"end":{"line":45,"column":54}}],"line":45},"9":{"loc":{"start":{"line":50,"column":4},"end":{"line":56,"column":5}},"type":"if","locations":[{"start":{"line":50,"column":4},"end":{"line":56,"column":5}},{"start":{},"end":{}}],"line":50},"10":{"loc":{"start":{"line":52,"column":6},"end":{"line":54,"column":7}},"type":"if","locations":[{"start":{"line":52,"column":6},"end":{"line":54,"column":7}},{"start":{},"end":{}}],"line":52},"11":{"loc":{"start":{"line":69,"column":20},"end":{"line":69,"column":54}},"type":"binary-expr","locations":[{"start":{"line":69,"column":20},"end":{"line":69,"column":35}},{"start":{"line":69,"column":39},"end":{"line":69,"column":54}}],"line":69},"12":{"loc":{"start":{"line":77,"column":8},"end":{"line":77,"column":37}},"type":"binary-expr","locations":[{"start":{"line":77,"column":8},"end":{"line":77,"column":17}},{"start":{"line":77,"column":21},"end":{"line":77,"column":37}}],"line":77},"13":{"loc":{"start":{"line":78,"column":8},"end":{"line":78,"column":50}},"type":"binary-expr","locations":[{"start":{"line":78,"column":9},"end":{"line":78,"column":17}},{"start":{"line":78,"column":21},"end":{"line":78,"column":30}},{"start":{"line":78,"column":35},"end":{"line":78,"column":50}}],"line":78},"14":{"loc":{"start":{"line":81,"column":16},"end":{"line":81,"column":37}},"type":"binary-expr","locations":[{"start":{"line":81,"column":16},"end":{"line":81,"column":24}},{"start":{"line":81,"column":28},"end":{"line":81,"column":37}}],"line":81},"15":{"loc":{"start":{"line":84,"column":7},"end":{"line":99,"column":7}},"type":"cond-expr","locations":[{"start":{"line":85,"column":8},"end":{"line":85,"column":120}},{"start":{"line":87,"column":8},"end":{"line":98,"column":11}}],"line":84},"16":{"loc":{"start":{"line":85,"column":34},"end":{"line":85,"column":116}},"type":"cond-expr","locations":[{"start":{"line":85,"column":80},"end":{"line":85,"column":94}},{"start":{"line":85,"column":97},"end":{"line":85,"column":116}}],"line":85},"17":{"loc":{"start":{"line":85,"column":34},"end":{"line":85,"column":77}},"type":"binary-expr","locations":[{"start":{"line":85,"column":34},"end":{"line":85,"column":55}},{"start":{"line":85,"column":59},"end":{"line":85,"column":77}}],"line":85},"18":{"loc":{"start":{"line":88,"column":11},"end":{"line":88,"column":129}},"type":"binary-expr","locations":[{"start":{"line":88,"column":11},"end":{"line":88,"column":15}},{"start":{"line":88,"column":19},"end":{"line":88,"column":129}}],"line":88},"19":{"loc":{"start":{"line":88,"column":46},"end":{"line":88,"column":113}},"type":"binary-expr","locations":[{"start":{"line":88,"column":47},"end":{"line":88,"column":68}},{"start":{"line":88,"column":72},"end":{"line":88,"column":90}},{"start":{"line":88,"column":95},"end":{"line":88,"column":113}}],"line":88}},"s":{"0":1,"1":46,"2":46,"3":46,"4":2,"5":0,"6":2,"7":0,"8":0,"9":0,"10":0,"11":2,"12":2,"13":2,"14":0,"15":2,"16":46,"17":46,"18":1},"f":{"0":46,"1":2},"b":{"0":[0],"1":[0],"2":[46],"3":[46],"4":[46],"5":[46],"6":[46],"7":[0,2],"8":[2,2,2],"9":[0,2],"10":[0,0],"11":[46,46],"12":[46,0],"13":[46,46,2],"14":[46,46],"15":[2,44],"16":[1,1],"17":[2,1],"18":[44,44],"19":[44,22,22]},"_coverageSchema":"1a1c01bbd47fc00a2c39e90264f33305004495a9","hash":"a8e688afc1025d66cbaebac41d8b0712939f3fce"}
,"/Users/test/project_for_agency/cat-mood-app/CatWishExpo/src/components/Card.tsx": {"path":"/Users/test/project_for_agency/cat-mood-app/CatWishExpo/src/components/Card.tsx","statementMap":{"0":{"start":{"line":18,"column":41},"end":{"line":46,"column":1}},"1":{"start":{"line":25,"column":20},"end":{"line":31,"column":3}},"2":{"start":{"line":33,"column":2},"end":{"line":39,"column":3}},"3":{"start":{"line":34,"column":4},"end":{"line":38,"column":6}},"4":{"start":{"line":41,"column":2},"end":{"line":45,"column":4}},"5":{"start":{"line":48,"column":15},"end":{"line":83,"column":2}}},"fnMap":{"0":{"name":"(anonymous_0)","decl":{"start":{"line":18,"column":41},"end":{"line":18,"column":42}},"loc":{"start":{"line":24,"column":6},"end":{"line":46,"column":1}},"line":24}},"branchMap":{"0":{"loc":{"start":{"line":21,"column":2},"end":{"line":21,"column":21}},"type":"default-arg","locations":[{"start":{"line":21,"column":12},"end":{"line":21,"column":21}}],"line":21},"1":{"loc":{"start":{"line":22,"column":2},"end":{"line":22,"column":16}},"type":"default-arg","locations":[{"start":{"line":22,"column":12},"end":{"line":22,"column":16}}],"line":22},"2":{"loc":{"start":{"line":29,"column":4},"end":{"line":29,"column":31}},"type":"binary-expr","locations":[{"start":{"line":29,"column":4},"end":{"line":29,"column":11}},{"start":{"line":29,"column":15},"end":{"line":29,"column":31}}],"line":29},"3":{"loc":{"start":{"line":33,"column":2},"end":{"line":39,"column":3}},"type":"if","locations":[{"start":{"line":33,"column":2},"end":{"line":39,"column":3}},{"start":{},"end":{}}],"line":33}},"s":{"0":0,"1":0,"2":0,"3":0,"4":0,"5":0},"f":{"0":0},"b":{"0":[0],"1":[0],"2":[0,0],"3":[0,0]}}
,"/Users/test/project_for_agency/cat-mood-app/CatWishExpo/src/components/ErrorBoundary.tsx": {"path":"/Users/test/project_for_agency/cat-mood-app/CatWishExpo/src/components/ErrorBoundary.tsx","statementMap":{"0":{"start":{"line":22,"column":4},"end":{"line":22,"column":17}},"1":{"start":{"line":23,"column":4},"end":{"line":23,"column":50}},"2":{"start":{"line":28,"column":4},"end":{"line":28,"column":37}},"3":{"start":{"line":33,"column":4},"end":{"line":33,"column":59}},"4":{"start":{"line":34,"column":4},"end":{"line":34,"column":44}},"5":{"start":{"line":37,"column":16},"end":{"line":39,"column":3}},"6":{"start":{"line":38,"column":4},"end":{"line":38,"column":52}},"7":{"start":{"line":42,"column":4},"end":{"line":57,"column":5}},"8":{"start":{"line":43,"column":6},"end":{"line":56,"column":8}},"9":{"start":{"line":59,"column":4},"end":{"line":59,"column":31}},"10":{"start":{"line":63,"column":15},"end":{"line":99,"column":2}}},"fnMap":{"0":{"name":"(anonymous_0)","decl":{"start":{"line":21,"column":2},"end":{"line":21,"column":3}},"loc":{"start":{"line":21,"column":28},"end":{"line":24,"column":3}},"line":21},"1":{"name":"(anonymous_1)","decl":{"start":{"line":26,"column":2},"end":{"line":26,"column":3}},"loc":{"start":{"line":26,"column":55},"end":{"line":29,"column":3}},"line":26},"2":{"name":"(anonymous_2)","decl":{"start":{"line":31,"column":2},"end":{"line":31,"column":3}},"loc":{"start":{"line":31,"column":50},"end":{"line":35,"column":3}},"line":31},"3":{"name":"(anonymous_3)","decl":{"start":{"line":37,"column":16},"end":{"line":37,"column":17}},"loc":{"start":{"line":37,"column":22},"end":{"line":39,"column":3}},"line":37},"4":{"name":"(anonymous_4)","decl":{"start":{"line":41,"column":2},"end":{"line":41,"column":3}},"loc":{"start":{"line":41,"column":11},"end":{"line":60,"column":3}},"line":41}},"branchMap":{"0":{"loc":{"start":{"line":42,"column":4},"end":{"line":57,"column":5}},"type":"if","locations":[{"start":{"line":42,"column":4},"end":{"line":57,"column":5}},{"start":{},"end":{}}],"line":42},"1":{"loc":{"start":{"line":49,"column":15},"end":{"line":49,"column":55}},"type":"binary-expr","locations":[{"start":{"line":49,"column":15},"end":{"line":49,"column":40}},{"start":{"line":49,"column":44},"end":{"line":49,"column":55}}],"line":49}},"s":{"0":0,"1":0,"2":0,"3":0,"4":0,"5":0,"6":0,"7":0,"8":0,"9":0,"10":0},"f":{"0":0,"1":0,"2":0,"3":0,"4":0},"b":{"0":[0,0],"1":[0,0]}}
,"/Users/test/project_for_agency/cat-mood-app/CatWishExpo/src/components/LoadingSpinner.tsx": {"path":"/Users/test/project_for_agency/cat-mood-app/CatWishExpo/src/components/LoadingSpinner.tsx","statementMap":{"0":{"start":{"line":17,"column":61},"end":{"line":35,"column":1}},"1":{"start":{"line":24,"column":4},"end":{"line":27,"column":11}},"2":{"start":{"line":30,"column":2},"end":{"line":32,"column":3}},"3":{"start":{"line":31,"column":4},"end":{"line":31,"column":67}},"4":{"start":{"line":34,"column":2},"end":{"line":34,"column":17}},"5":{"start":{"line":37,"column":15},"end":{"line":58,"column":2}}},"fnMap":{"0":{"name":"(anonymous_0)","decl":{"start":{"line":17,"column":61},"end":{"line":17,"column":62}},"loc":{"start":{"line":22,"column":6},"end":{"line":35,"column":1}},"line":22}},"branchMap":{"0":{"loc":{"start":{"line":18,"column":2},"end":{"line":18,"column":16}},"type":"default-arg","locations":[{"start":{"line":18,"column":9},"end":{"line":18,"column":16}}],"line":18},"1":{"loc":{"start":{"line":19,"column":2},"end":{"line":19,"column":24}},"type":"default-arg","locations":[{"start":{"line":19,"column":10},"end":{"line":19,"column":24}}],"line":19},"2":{"loc":{"start":{"line":21,"column":2},"end":{"line":21,"column":20}},"type":"default-arg","locations":[{"start":{"line":21,"column":15},"end":{"line":21,"column":20}}],"line":21},"3":{"loc":{"start":{"line":26,"column":7},"end":{"line":26,"column":54}},"type":"binary-expr","locations":[{"start":{"line":26,"column":7},"end":{"line":26,"column":11}},{"start":{"line":26,"column":15},"end":{"line":26,"column":54}}],"line":26},"4":{"loc":{"start":{"line":30,"column":2},"end":{"line":32,"column":3}},"type":"if","locations":[{"start":{"line":30,"column":2},"end":{"line":32,"column":3}},{"start":{},"end":{}}],"line":30}},"s":{"0":0,"1":0,"2":0,"3":0,"4":0,"5":0},"f":{"0":0},"b":{"0":[0],"1":[0],"2":[0],"3":[0,0],"4":[0,0]}}
,"/Users/test/project_for_agency/cat-mood-app/CatWishExpo/src/components/Skeleton.tsx": {"path":"/Users/test/project_for_agency/cat-mood-app/CatWishExpo/src/components/Skeleton.tsx","statementMap":{"0":{"start":{"line":17,"column":49},"end":{"line":31,"column":1}},"1":{"start":{"line":22,"column":2},"end":{"line":30,"column":4}},"2":{"start":{"line":33,"column":38},"end":{"line":44,"column":1}},"3":{"start":{"line":34,"column":2},"end":{"line":43,"column":4}},"4":{"start":{"line":46,"column":58},"end":{"line":54,"column":1}},"5":{"start":{"line":47,"column":2},"end":{"line":53,"column":4}},"6":{"start":{"line":50,"column":8},"end":{"line":50,"column":36}},"7":{"start":{"line":56,"column":15},"end":{"line":84,"column":2}}},"fnMap":{"0":{"name":"(anonymous_0)","decl":{"start":{"line":17,"column":49},"end":{"line":17,"column":50}},"loc":{"start":{"line":21,"column":6},"end":{"line":31,"column":1}},"line":21},"1":{"name":"(anonymous_1)","decl":{"start":{"line":33,"column":38},"end":{"line":33,"column":39}},"loc":{"start":{"line":33,"column":44},"end":{"line":44,"column":1}},"line":33},"2":{"name":"(anonymous_2)","decl":{"start":{"line":46,"column":58},"end":{"line":46,"column":59}},"loc":{"start":{"line":46,"column":77},"end":{"line":54,"column":1}},"line":46},"3":{"name":"(anonymous_3)","decl":{"start":{"line":49,"column":41},"end":{"line":49,"column":42}},"loc":{"start":{"line":50,"column":8},"end":{"line":50,"column":36}},"line":50}},"branchMap":{"0":{"loc":{"start":{"line":18,"column":2},"end":{"line":18,"column":16}},"type":"default-arg","locations":[{"start":{"line":18,"column":10},"end":{"line":18,"column":16}}],"line":18},"1":{"loc":{"start":{"line":19,"column":2},"end":{"line":19,"column":13}},"type":"default-arg","locations":[{"start":{"line":19,"column":11},"end":{"line":19,"column":13}}],"line":19},"2":{"loc":{"start":{"line":46,"column":61},"end":{"line":46,"column":70}},"type":"default-arg","locations":[{"start":{"line":46,"column":69},"end":{"line":46,"column":70}}],"line":46}},"s":{"0":0,"1":0,"2":0,"3":0,"4":0,"5":0,"6":0,"7":0},"f":{"0":0,"1":0,"2":0,"3":0},"b":{"0":[0],"1":[0],"2":[0]}}
,"/Users/test/project_for_agency/cat-mood-app/CatWishExpo/src/components/Toast.tsx": {"path":"/Users/test/project_for_agency/cat-mood-app/CatWishExpo/src/components/Toast.tsx","statementMap":{"0":{"start":{"line":19,"column":34},"end":{"line":19,"column":58}},"1":{"start":{"line":21,"column":43},"end":{"line":112,"column":1}},"2":{"start":{"line":28,"column":20},"end":{"line":28,"column":51}},"3":{"start":{"line":29,"column":23},"end":{"line":29,"column":57}},"4":{"start":{"line":31,"column":2},"end":{"line":52,"column":16}},"5":{"start":{"line":32,"column":4},"end":{"line":51,"column":5}},"6":{"start":{"line":33,"column":6},"end":{"line":44,"column":17}},"7":{"start":{"line":46,"column":20},"end":{"line":48,"column":18}},"8":{"start":{"line":47,"column":8},"end":{"line":47,"column":20}},"9":{"start":{"line":50,"column":6},"end":{"line":50,"column":39}},"10":{"start":{"line":50,"column":19},"end":{"line":50,"column":38}},"11":{"start":{"line":54,"column":20},"end":{"line":69,"column":3}},"12":{"start":{"line":55,"column":4},"end":{"line":68,"column":7}},"13":{"start":{"line":67,"column":6},"end":{"line":67,"column":20}},"14":{"start":{"line":71,"column":2},"end":{"line":71,"column":28}},"15":{"start":{"line":71,"column":16},"end":{"line":71,"column":28}},"16":{"start":{"line":73,"column":24},"end":{"line":93,"column":3}},"17":{"start":{"line":74,"column":20},"end":{"line":91,"column":5}},"18":{"start":{"line":92,"column":4},"end":{"line":92,"column":25}},"19":{"start":{"line":95,"column":17},"end":{"line":95,"column":32}},"20":{"start":{"line":97,"column":2},"end":{"line":111,"column":4}},"21":{"start":{"line":114,"column":15},"end":{"line":141,"column":2}}},"fnMap":{"0":{"name":"(anonymous_0)","decl":{"start":{"line":21,"column":43},"end":{"line":21,"column":44}},"loc":{"start":{"line":27,"column":6},"end":{"line":112,"column":1}},"line":27},"1":{"name":"(anonymous_1)","decl":{"start":{"line":31,"column":12},"end":{"line":31,"column":13}},"loc":{"start":{"line":31,"column":18},"end":{"line":52,"column":3}},"line":31},"2":{"name":"(anonymous_2)","decl":{"start":{"line":46,"column":31},"end":{"line":46,"column":32}},"loc":{"start":{"line":46,"column":37},"end":{"line":48,"column":7}},"line":46},"3":{"name":"(anonymous_3)","decl":{"start":{"line":50,"column":13},"end":{"line":50,"column":14}},"loc":{"start":{"line":50,"column":19},"end":{"line":50,"column":38}},"line":50},"4":{"name":"(anonymous_4)","decl":{"start":{"line":54,"column":20},"end":{"line":54,"column":21}},"loc":{"start":{"line":54,"column":26},"end":{"line":69,"column":3}},"line":54},"5":{"name":"(anonymous_5)","decl":{"start":{"line":66,"column":13},"end":{"line":66,"column":14}},"loc":{"start":{"line":66,"column":19},"end":{"line":68,"column":5}},"line":66},"6":{"name":"(anonymous_6)","decl":{"start":{"line":73,"column":24},"end":{"line":73,"column":25}},"loc":{"start":{"line":73,"column":30},"end":{"line":93,"column":3}},"line":73}},"branchMap":{"0":{"loc":{"start":{"line":23,"column":2},"end":{"line":23,"column":15}},"type":"default-arg","locations":[{"start":{"line":23,"column":9},"end":{"line":23,"column":15}}],"line":23},"1":{"loc":{"start":{"line":24,"column":2},"end":{"line":24,"column":17}},"type":"default-arg","locations":[{"start":{"line":24,"column":13},"end":{"line":24,"column":17}}],"line":24},"2":{"loc":{"start":{"line":32,"column":4},"end":{"line":51,"column":5}},"type":"if","locations":[{"start":{"line":32,"column":4},"end":{"line":51,"column":5}},{"start":{},"end":{}}],"line":32},"3":{"loc":{"start":{"line":71,"column":2},"end":{"line":71,"column":28}},"type":"if","locations":[{"start":{"line":71,"column":2},"end":{"line":71,"column":28}},{"start":{},"end":{}}],"line":71}},"s":{"0":0,"1":0,"2":0,"3":0,"4":0,"5":0,"6":0,"7":0,"8":0,"9":0,"10":0,"11":0,"12":0,"13":0,"14":0,"15":0,"16":0,"17":0,"18":0,"19":0,"20":0,"21":0},"f":{"0":0,"1":0,"2":0,"3":0,"4":0,"5":0,"6":0},"b":{"0":[0],"1":[0],"2":[0,0],"3":[0,0]}}
,"/Users/test/project_for_agency/cat-mood-app/CatWishExpo/src/config/api.ts": {"path":"/Users/test/project_for_agency/cat-mood-app/CatWishExpo/src/config/api.ts","statementMap":{"0":{"start":{"line":6,"column":26},"end":{"line":12,"column":1}}},"fnMap":{},"branchMap":{},"s":{"0":0},"f":{},"b":{}}
,"/Users/test/project_for_agency/cat-mood-app/CatWishExpo/src/constants/theme.ts": {"path":"/Users/test/project_for_agency/cat-mood-app/CatWishExpo/src/constants/theme.ts","statementMap":{"0":{"start":{"line":7,"column":22},"end":{"line":62,"column":1}},"1":{"start":{"line":64,"column":26},"end":{"line":112,"column":1}},"2":{"start":{"line":114,"column":23},"end":{"line":122,"column":1}},"3":{"start":{"line":124,"column":28},"end":{"line":130,"column":1}},"4":{"start":{"line":132,"column":22},"end":{"line":154,"column":1}},"5":{"start":{"line":157,"column":26},"end":{"line":161,"column":1}},"6":{"start":{"line":164,"column":22},"end":{"line":171,"column":1}}},"fnMap":{},"branchMap":{},"s":{"0":2,"1":2,"2":2,"3":2,"4":2,"5":2,"6":2},"f":{},"b":{},"_coverageSchema":"1a1c01bbd47fc00a2c39e90264f33305004495a9","hash":"643012584fb5cd90f9ef68ad1f20030afbc933a9"}
,"/Users/test/project_for_agency/cat-mood-app/CatWishExpo/src/context/AppContext.tsx": {"path":"/Users/test/project_for_agency/cat-mood-app/CatWishExpo/src/context/AppContext.tsx","statementMap":{"0":{"start":{"line":32,"column":19},"end":{"line":32,"column":71}},"1":{"start":{"line":34,"column":68},"end":{"line":79,"column":1}},"2":{"start":{"line":35,"column":28},"end":{"line":35,"column":63}},"3":{"start":{"line":36,"column":32},"end":{"line":36,"column":47}},"4":{"start":{"line":37,"column":26},"end":{"line":37,"column":45}},"5":{"start":{"line":39,"column":20},"end":{"line":45,"column":3}},"6":{"start":{"line":41,"column":17},"end":{"line":41,"column":38}},"7":{"start":{"line":42,"column":6},"end":{"line":42,"column":48}},"8":{"start":{"line":47,"column":20},"end":{"line":49,"column":8}},"9":{"start":{"line":48,"column":4},"end":{"line":48,"column":19}},"10":{"start":{"line":51,"column":24},"end":{"line":53,"column":17}},"11":{"start":{"line":52,"column":4},"end":{"line":52,"column":16}},"12":{"start":{"line":55,"column":2},"end":{"line":78,"column":4}},"13":{"start":{"line":81,"column":22},"end":{"line":87,"column":1}},"14":{"start":{"line":82,"column":18},"end":{"line":82,"column":40}},"15":{"start":{"line":83,"column":2},"end":{"line":85,"column":3}},"16":{"start":{"line":84,"column":4},"end":{"line":84,"column":62}},"17":{"start":{"line":86,"column":2},"end":{"line":86,"column":17}}},"fnMap":{"0":{"name":"(anonymous_0)","decl":{"start":{"line":34,"column":68},"end":{"line":34,"column":69}},"loc":{"start":{"line":34,"column":86},"end":{"line":79,"column":1}},"line":34},"1":{"name":"(anonymous_1)","decl":{"start":{"line":40,"column":4},"end":{"line":40,"column":5}},"loc":{"start":{"line":40,"column":79},"end":{"line":43,"column":5}},"line":40},"2":{"name":"(anonymous_2)","decl":{"start":{"line":47,"column":32},"end":{"line":47,"column":33}},"loc":{"start":{"line":47,"column":38},"end":{"line":49,"column":3}},"line":47},"3":{"name":"(anonymous_3)","decl":{"start":{"line":51,"column":36},"end":{"line":51,"column":37}},"loc":{"start":{"line":51,"column":42},"end":{"line":53,"column":3}},"line":51},"4":{"name":"(anonymous_4)","decl":{"start":{"line":81,"column":22},"end":{"line":81,"column":23}},"loc":{"start":{"line":81,"column":28},"end":{"line":87,"column":1}},"line":81}},"branchMap":{"0":{"loc":{"start":{"line":40,"column":22},"end":{"line":40,"column":57}},"type":"default-arg","locations":[{"start":{"line":40,"column":51},"end":{"line":40,"column":57}}],"line":40},"1":{"loc":{"start":{"line":40,"column":59},"end":{"line":40,"column":74}},"type":"default-arg","locations":[{"start":{"line":40,"column":70},"end":{"line":40,"column":74}}],"line":40},"2":{"loc":{"start":{"line":68,"column":7},"end":{"line":76,"column":7}},"type":"binary-expr","locations":[{"start":{"line":68,"column":7},"end":{"line":68,"column":12}},{"start":{"line":69,"column":8},"end":{"line":75,"column":10}}],"line":68},"3":{"loc":{"start":{"line":83,"column":2},"end":{"line":85,"column":3}},"type":"if","locations":[{"start":{"line":83,"column":2},"end":{"line":85,"column":3}},{"start":{},"end":{}}],"line":83}},"s":{"0":0,"1":0,"2":0,"3":0,"4":0,"5":0,"6":0,"7":0,"8":0,"9":0,"10":0,"11":0,"12":0,"13":0,"14":0,"15":0,"16":0,"17":0},"f":{"0":0,"1":0,"2":0,"3":0,"4":0},"b":{"0":[0],"1":[0],"2":[0,0],"3":[0,0]}}
,"/Users/test/project_for_agency/cat-mood-app/CatWishExpo/src/navigation/AppNavigator.simple.tsx": {"path":"/Users/test/project_for_agency/cat-mood-app/CatWishExpo/src/navigation/AppNavigator.simple.tsx","statementMap":{"0":{"start":{"line":8,"column":14},"end":{"line":8,"column":42}},"1":{"start":{"line":9,"column":12},"end":{"line":9,"column":38}},"2":{"start":{"line":13,"column":2},"end":{"line":34,"column":4}},"3":{"start":{"line":20,"column":23},"end":{"line":20,"column":42}},"4":{"start":{"line":28,"column":23},"end":{"line":28,"column":42}},"5":{"start":{"line":39,"column":2},"end":{"line":44,"column":4}},"6":{"start":{"line":49,"column":2},"end":{"line":54,"column":4}},"7":{"start":{"line":59,"column":2},"end":{"line":91,"column":4}},"8":{"start":{"line":95,"column":2},"end":{"line":101,"column":4}},"9":{"start":{"line":104,"column":15},"end":{"line":145,"column":2}}},"fnMap":{"0":{"name":"SimpleHomeScreen","decl":{"start":{"line":12,"column":9},"end":{"line":12,"column":25}},"loc":{"start":{"line":12,"column":47},"end":{"line":35,"column":1}},"line":12},"1":{"name":"(anonymous_1)","decl":{"start":{"line":20,"column":17},"end":{"line":20,"column":18}},"loc":{"start":{"line":20,"column":23},"end":{"line":20,"column":42}},"line":20},"2":{"name":"(anonymous_2)","decl":{"start":{"line":28,"column":17},"end":{"line":28,"column":18}},"loc":{"start":{"line":28,"column":23},"end":{"line":28,"column":42}},"line":28},"3":{"name":"SimpleHistoryScreen","decl":{"start":{"line":38,"column":9},"end":{"line":38,"column":28}},"loc":{"start":{"line":38,"column":31},"end":{"line":45,"column":1}},"line":38},"4":{"name":"SimpleProfileScreen","decl":{"start":{"line":48,"column":9},"end":{"line":48,"column":28}},"loc":{"start":{"line":48,"column":31},"end":{"line":55,"column":1}},"line":48},"5":{"name":"MainTabs","decl":{"start":{"line":58,"column":9},"end":{"line":58,"column":17}},"loc":{"start":{"line":58,"column":20},"end":{"line":92,"column":1}},"line":58},"6":{"name":"AppNavigator","decl":{"start":{"line":94,"column":24},"end":{"line":94,"column":36}},"loc":{"start":{"line":94,"column":39},"end":{"line":102,"column":1}},"line":94}},"branchMap":{},"s":{"0":0,"1":0,"2":0,"3":0,"4":0,"5":0,"6":0,"7":0,"8":0,"9":0},"f":{"0":0,"1":0,"2":0,"3":0,"4":0,"5":0,"6":0},"b":{}}
,"/Users/test/project_for_agency/cat-mood-app/CatWishExpo/src/navigation/AppNavigator.tsx": {"path":"/Users/test/project_for_agency/cat-mood-app/CatWishExpo/src/navigation/AppNavigator.tsx","statementMap":{"0":{"start":{"line":25,"column":14},"end":{"line":25,"column":62}},"1":{"start":{"line":26,"column":12},"end":{"line":26,"column":56}},"2":{"start":{"line":32,"column":2},"end":{"line":82,"column":4}},"3":{"start":{"line":57,"column":12},"end":{"line":57,"column":49}},"4":{"start":{"line":67,"column":12},"end":{"line":67,"column":52}},"5":{"start":{"line":77,"column":12},"end":{"line":77,"column":52}},"6":{"start":{"line":91,"column":40},"end":{"line":95,"column":3}},"7":{"start":{"line":97,"column":2},"end":{"line":97,"column":75}},"8":{"start":{"line":104,"column":2},"end":{"line":160,"column":4}},"9":{"start":{"line":112,"column":12},"end":{"line":116,"column":14}}},"fnMap":{"0":{"name":"MainTabs","decl":{"start":{"line":31,"column":9},"end":{"line":31,"column":17}},"loc":{"start":{"line":31,"column":20},"end":{"line":83,"column":1}},"line":31},"1":{"name":"(anonymous_1)","decl":{"start":{"line":56,"column":22},"end":{"line":56,"column":23}},"loc":{"start":{"line":57,"column":12},"end":{"line":57,"column":49}},"line":57},"2":{"name":"(anonymous_2)","decl":{"start":{"line":66,"column":22},"end":{"line":66,"column":23}},"loc":{"start":{"line":67,"column":12},"end":{"line":67,"column":52}},"line":67},"3":{"name":"(anonymous_3)","decl":{"start":{"line":76,"column":22},"end":{"line":76,"column":23}},"loc":{"start":{"line":77,"column":12},"end":{"line":77,"column":52}},"line":77},"4":{"name":"TabIcon","decl":{"start":{"line":88,"column":9},"end":{"line":88,"column":16}},"loc":{"start":{"line":88,"column":67},"end":{"line":98,"column":1}},"line":88},"5":{"name":"AppNavigator","decl":{"start":{"line":103,"column":24},"end":{"line":103,"column":36}},"loc":{"start":{"line":103,"column":39},"end":{"line":161,"column":1}},"line":103},"6":{"name":"(anonymous_6)","decl":{"start":{"line":111,"column":33},"end":{"line":111,"column":34}},"loc":{"start":{"line":111,"column":59},"end":{"line":117,"column":11}},"line":111}},"branchMap":{"0":{"loc":{"start":{"line":97,"column":48},"end":{"line":97,"column":66}},"type":"binary-expr","locations":[{"start":{"line":97,"column":48},"end":{"line":97,"column":59}},{"start":{"line":97,"column":63},"end":{"line":97,"column":66}}],"line":97}},"s":{"0":0,"1":0,"2":0,"3":0,"4":0,"5":0,"6":0,"7":0,"8":0,"9":0},"f":{"0":0,"1":0,"2":0,"3":0,"4":0,"5":0,"6":0},"b":{"0":[0,0]}}
,"/Users/test/project_for_agency/cat-mood-app/CatWishExpo/src/screens/AnalysisScreen.tsx": {"path":"/Users/test/project_for_agency/cat-mood-app/CatWishExpo/src/screens/AnalysisScreen.tsx","statementMap":{"0":{"start":{"line":35,"column":23},"end":{"line":35,"column":35}},"1":{"start":{"line":38,"column":19},"end":{"line":38,"column":56}},"2":{"start":{"line":39,"column":20},"end":{"line":39,"column":59}},"3":{"start":{"line":41,"column":2},"end":{"line":90,"column":29}},"4":{"start":{"line":43,"column":4},"end":{"line":54,"column":15}},"5":{"start":{"line":57,"column":24},"end":{"line":87,"column":5}},"6":{"start":{"line":58,"column":6},"end":{"line":86,"column":7}},"7":{"start":{"line":59,"column":8},"end":{"line":59,"column":41}},"8":{"start":{"line":62,"column":23},"end":{"line":62,"column":61}},"9":{"start":{"line":64,"column":8},"end":{"line":64,"column":39}},"10":{"start":{"line":67,"column":8},"end":{"line":72,"column":16}},"11":{"start":{"line":68,"column":10},"end":{"line":71,"column":20}},"12":{"start":{"line":75,"column":8},"end":{"line":75,"column":40}},"13":{"start":{"line":78,"column":8},"end":{"line":85,"column":10}},"14":{"start":{"line":82,"column":41},"end":{"line":82,"column":60}},"15":{"start":{"line":89,"column":4},"end":{"line":89,"column":18}},"16":{"start":{"line":92,"column":2},"end":{"line":132,"column":4}},"17":{"start":{"line":142,"column":32},"end":{"line":142,"column":53}},"18":{"start":{"line":143,"column":22},"end":{"line":143,"column":59}},"19":{"start":{"line":145,"column":2},"end":{"line":159,"column":26}},"20":{"start":{"line":146,"column":19},"end":{"line":146,"column":65}},"21":{"start":{"line":146,"column":36},"end":{"line":146,"column":52}},"22":{"start":{"line":147,"column":19},"end":{"line":153,"column":24}},"23":{"start":{"line":148,"column":6},"end":{"line":152,"column":17}},"24":{"start":{"line":155,"column":4},"end":{"line":158,"column":6}},"25":{"start":{"line":156,"column":6},"end":{"line":156,"column":27}},"26":{"start":{"line":157,"column":6},"end":{"line":157,"column":27}},"27":{"start":{"line":161,"column":2},"end":{"line":161,"column":28}},"28":{"start":{"line":161,"column":16},"end":{"line":161,"column":28}},"29":{"start":{"line":163,"column":2},"end":{"line":168,"column":4}},"30":{"start":{"line":171,"column":15},"end":{"line":235,"column":2}}},"fnMap":{"0":{"name":"AnalysisScreen","decl":{"start":{"line":34,"column":24},"end":{"line":34,"column":38}},"loc":{"start":{"line":34,"column":69},"end":{"line":133,"column":1}},"line":34},"1":{"name":"(anonymous_1)","decl":{"start":{"line":41,"column":12},"end":{"line":41,"column":13}},"loc":{"start":{"line":41,"column":18},"end":{"line":90,"column":3}},"line":41},"2":{"name":"(anonymous_2)","decl":{"start":{"line":57,"column":24},"end":{"line":57,"column":25}},"loc":{"start":{"line":57,"column":36},"end":{"line":87,"column":5}},"line":57},"3":{"name":"(anonymous_3)","decl":{"start":{"line":67,"column":19},"end":{"line":67,"column":20}},"loc":{"start":{"line":67,"column":25},"end":{"line":72,"column":9}},"line":67},"4":{"name":"(anonymous_4)","decl":{"start":{"line":82,"column":35},"end":{"line":82,"column":36}},"loc":{"start":{"line":82,"column":41},"end":{"line":82,"column":60}},"line":82},"5":{"name":"AnalysisStep","decl":{"start":{"line":141,"column":9},"end":{"line":141,"column":21}},"loc":{"start":{"line":141,"column":57},"end":{"line":169,"column":1}},"line":141},"6":{"name":"(anonymous_6)","decl":{"start":{"line":145,"column":12},"end":{"line":145,"column":13}},"loc":{"start":{"line":145,"column":18},"end":{"line":159,"column":3}},"line":145},"7":{"name":"(anonymous_7)","decl":{"start":{"line":146,"column":30},"end":{"line":146,"column":31}},"loc":{"start":{"line":146,"column":36},"end":{"line":146,"column":52}},"line":146},"8":{"name":"(anonymous_8)","decl":{"start":{"line":147,"column":30},"end":{"line":147,"column":31}},"loc":{"start":{"line":147,"column":36},"end":{"line":153,"column":5}},"line":147},"9":{"name":"(anonymous_9)","decl":{"start":{"line":155,"column":11},"end":{"line":155,"column":12}},"loc":{"start":{"line":155,"column":17},"end":{"line":158,"column":5}},"line":155}},"branchMap":{"0":{"loc":{"start":{"line":161,"column":2},"end":{"line":161,"column":28}},"type":"if","locations":[{"start":{"line":161,"column":2},"end":{"line":161,"column":28}},{"start":{},"end":{}}],"line":161}},"s":{"0":0,"1":0,"2":0,"3":0,"4":0,"5":0,"6":0,"7":0,"8":0,"9":0,"10":0,"11":0,"12":0,"13":0,"14":0,"15":0,"16":0,"17":0,"18":0,"19":0,"20":0,"21":0,"22":0,"23":0,"24":0,"25":0,"26":0,"27":0,"28":0,"29":0,"30":0},"f":{"0":0,"1":0,"2":0,"3":0,"4":0,"5":0,"6":0,"7":0,"8":0,"9":0},"b":{"0":[0,0]}}
,"/Users/test/project_for_agency/cat-mood-app/CatWishExpo/src/screens/CameraScreen.tsx": {"path":"/Users/test/project_for_agency/cat-mood-app/CatWishExpo/src/screens/CameraScreen.tsx","statementMap":{"0":{"start":{"line":41,"column":32},"end":{"line":41,"column":47}},"1":{"start":{"line":42,"column":44},"end":{"line":42,"column":78}},"2":{"start":{"line":45,"column":26},"end":{"line":65,"column":3}},"3":{"start":{"line":46,"column":4},"end":{"line":46,"column":21}},"4":{"start":{"line":47,"column":4},"end":{"line":64,"column":5}},"5":{"start":{"line":49,"column":6},"end":{"line":49,"column":61}},"6":{"start":{"line":49,"column":35},"end":{"line":49,"column":59}},"7":{"start":{"line":52,"column":37},"end":{"line":56,"column":7}},"8":{"start":{"line":58,"column":6},"end":{"line":58,"column":34}},"9":{"start":{"line":59,"column":6},"end":{"line":59,"column":38}},"10":{"start":{"line":61,"column":6},"end":{"line":61,"column":61}},"11":{"start":{"line":63,"column":6},"end":{"line":63,"column":24}},"12":{"start":{"line":67,"column":32},"end":{"line":89,"column":3}},"13":{"start":{"line":68,"column":4},"end":{"line":68,"column":21}},"14":{"start":{"line":69,"column":4},"end":{"line":88,"column":5}},"15":{"start":{"line":71,"column":6},"end":{"line":71,"column":61}},"16":{"start":{"line":71,"column":35},"end":{"line":71,"column":59}},"17":{"start":{"line":73,"column":37},"end":{"line":77,"column":7}},"18":{"start":{"line":79,"column":6},"end":{"line":79,"column":34}},"19":{"start":{"line":80,"column":6},"end":{"line":80,"column":40}},"20":{"start":{"line":82,"column":6},"end":{"line":84,"column":7}},"21":{"start":{"line":83,"column":8},"end":{"line":83,"column":15}},"22":{"start":{"line":85,"column":6},"end":{"line":85,"column":53}},"23":{"start":{"line":87,"column":6},"end":{"line":87,"column":24}},"24":{"start":{"line":91,"column":21},"end":{"line":112,"column":3}},"25":{"start":{"line":92,"column":4},"end":{"line":92,"column":31}},"26":{"start":{"line":92,"column":24},"end":{"line":92,"column":31}},"27":{"start":{"line":94,"column":4},"end":{"line":94,"column":21}},"28":{"start":{"line":95,"column":4},"end":{"line":111,"column":5}},"29":{"start":{"line":97,"column":6},"end":{"line":97,"column":61}},"30":{"start":{"line":97,"column":35},"end":{"line":97,"column":59}},"31":{"start":{"line":100,"column":40},"end":{"line":103,"column":7}},"32":{"start":{"line":105,"column":6},"end":{"line":105,"column":37}},"33":{"start":{"line":106,"column":6},"end":{"line":106,"column":41}},"34":{"start":{"line":108,"column":6},"end":{"line":108,"column":53}},"35":{"start":{"line":110,"column":6},"end":{"line":110,"column":24}},"36":{"start":{"line":114,"column":24},"end":{"line":120,"column":3}},"37":{"start":{"line":115,"column":4},"end":{"line":119,"column":5}},"38":{"start":{"line":116,"column":6},"end":{"line":118,"column":16}},"39":{"start":{"line":122,"column":23},"end":{"line":124,"column":3}},"40":{"start":{"line":123,"column":4},"end":{"line":123,"column":27}},"41":{"start":{"line":126,"column":21},"end":{"line":128,"column":3}},"42":{"start":{"line":127,"column":4},"end":{"line":127,"column":24}},"43":{"start":{"line":130,"column":2},"end":{"line":222,"column":4}},"44":{"start":{"line":225,"column":32},"end":{"line":225,"column":56}},"45":{"start":{"line":227,"column":15},"end":{"line":430,"column":2}}},"fnMap":{"0":{"name":"CameraScreen","decl":{"start":{"line":40,"column":24},"end":{"line":40,"column":36}},"loc":{"start":{"line":40,"column":67},"end":{"line":223,"column":1}},"line":40},"1":{"name":"(anonymous_1)","decl":{"start":{"line":45,"column":26},"end":{"line":45,"column":27}},"loc":{"start":{"line":45,"column":38},"end":{"line":65,"column":3}},"line":45},"2":{"name":"(anonymous_2)","decl":{"start":{"line":49,"column":24},"end":{"line":49,"column":25}},"loc":{"start":{"line":49,"column":35},"end":{"line":49,"column":59}},"line":49},"3":{"name":"(anonymous_3)","decl":{"start":{"line":67,"column":32},"end":{"line":67,"column":33}},"loc":{"start":{"line":67,"column":44},"end":{"line":89,"column":3}},"line":67},"4":{"name":"(anonymous_4)","decl":{"start":{"line":71,"column":24},"end":{"line":71,"column":25}},"loc":{"start":{"line":71,"column":35},"end":{"line":71,"column":59}},"line":71},"5":{"name":"(anonymous_5)","decl":{"start":{"line":91,"column":21},"end":{"line":91,"column":22}},"loc":{"start":{"line":91,"column":33},"end":{"line":112,"column":3}},"line":91},"6":{"name":"(anonymous_6)","decl":{"start":{"line":97,"column":24},"end":{"line":97,"column":25}},"loc":{"start":{"line":97,"column":35},"end":{"line":97,"column":59}},"line":97},"7":{"name":"(anonymous_7)","decl":{"start":{"line":114,"column":24},"end":{"line":114,"column":25}},"loc":{"start":{"line":114,"column":30},"end":{"line":120,"column":3}},"line":114},"8":{"name":"(anonymous_8)","decl":{"start":{"line":122,"column":23},"end":{"line":122,"column":24}},"loc":{"start":{"line":122,"column":29},"end":{"line":124,"column":3}},"line":122},"9":{"name":"(anonymous_9)","decl":{"start":{"line":126,"column":21},"end":{"line":126,"column":22}},"loc":{"start":{"line":126,"column":27},"end":{"line":128,"column":3}},"line":126}},"branchMap":{"0":{"loc":{"start":{"line":61,"column":26},"end":{"line":61,"column":59}},"type":"binary-expr","locations":[{"start":{"line":61,"column":26},"end":{"line":61,"column":39}},{"start":{"line":61,"column":43},"end":{"line":61,"column":59}}],"line":61},"1":{"loc":{"start":{"line":82,"column":6},"end":{"line":84,"column":7}},"type":"if","locations":[{"start":{"line":82,"column":6},"end":{"line":84,"column":7}},{"start":{},"end":{}}],"line":82},"2":{"loc":{"start":{"line":85,"column":26},"end":{"line":85,"column":51}},"type":"binary-expr","locations":[{"start":{"line":85,"column":26},"end":{"line":85,"column":39}},{"start":{"line":85,"column":43},"end":{"line":85,"column":51}}],"line":85},"3":{"loc":{"start":{"line":92,"column":4},"end":{"line":92,"column":31}},"type":"if","locations":[{"start":{"line":92,"column":4},"end":{"line":92,"column":31}},{"start":{},"end":{}}],"line":92},"4":{"loc":{"start":{"line":108,"column":26},"end":{"line":108,"column":51}},"type":"binary-expr","locations":[{"start":{"line":108,"column":26},"end":{"line":108,"column":39}},{"start":{"line":108,"column":43},"end":{"line":108,"column":51}}],"line":108},"5":{"loc":{"start":{"line":115,"column":4},"end":{"line":119,"column":5}},"type":"if","locations":[{"start":{"line":115,"column":4},"end":{"line":119,"column":5}},{"start":{},"end":{}}],"line":115},"6":{"loc":{"start":{"line":145,"column":9},"end":{"line":163,"column":9}},"type":"cond-expr","locations":[{"start":{"line":146,"column":10},"end":{"line":152,"column":17}},{"start":{"line":154,"column":10},"end":{"line":162,"column":13}}],"line":145},"7":{"loc":{"start":{"line":168,"column":9},"end":{"line":212,"column":9}},"type":"cond-expr","locations":[{"start":{"line":169,"column":10},"end":{"line":188,"column":13}},{"start":{"line":190,"column":10},"end":{"line":211,"column":13}}],"line":168},"8":{"loc":{"start":{"line":204,"column":15},"end":{"line":208,"column":15}},"type":"cond-expr","locations":[{"start":{"line":205,"column":16},"end":{"line":205,"column":81}},{"start":{"line":207,"column":16},"end":{"line":207,"column":52}}],"line":204},"9":{"loc":{"start":{"line":216,"column":7},"end":{"line":220,"column":7}},"type":"binary-expr","locations":[{"start":{"line":216,"column":7},"end":{"line":216,"column":21}},{"start":{"line":217,"column":8},"end":{"line":219,"column":15}}],"line":216}},"s":{"0":0,"1":0,"2":0,"3":0,"4":0,"5":0,"6":0,"7":0,"8":0,"9":0,"10":0,"11":0,"12":0,"13":0,"14":0,"15":0,"16":0,"17":0,"18":0,"19":0,"20":0,"21":0,"22":0,"23":0,"24":0,"25":0,"26":0,"27":0,"28":0,"29":0,"30":0,"31":0,"32":0,"33":0,"34":0,"35":0,"36":0,"37":0,"38":0,"39":0,"40":0,"41":0,"42":0,"43":0,"44":0,"45":0},"f":{"0":0,"1":0,"2":0,"3":0,"4":0,"5":0,"6":0,"7":0,"8":0,"9":0},"b":{"0":[0,0],"1":[0,0],"2":[0,0],"3":[0,0],"4":[0,0],"5":[0,0],"6":[0,0],"7":[0,0],"8":[0,0],"9":[0,0]}}
,"/Users/test/project_for_agency/cat-mood-app/CatWishExpo/src/screens/HistoryScreen.tsx": {"path":"/Users/test/project_for_agency/cat-mood-app/CatWishExpo/src/screens/HistoryScreen.tsx","statementMap":{"0":{"start":{"line":33,"column":32},"end":{"line":33,"column":62}},"1":{"start":{"line":34,"column":48},"end":{"line":34,"column":78}},"2":{"start":{"line":35,"column":44},"end":{"line":35,"column":56}},"3":{"start":{"line":36,"column":38},"end":{"line":36,"column":65}},"4":{"start":{"line":37,"column":32},"end":{"line":37,"column":46}},"5":{"start":{"line":40,"column":2},"end":{"line":42,"column":9}},"6":{"start":{"line":41,"column":4},"end":{"line":41,"column":18}},"7":{"start":{"line":45,"column":2},"end":{"line":47,"column":43}},"8":{"start":{"line":46,"column":4},"end":{"line":46,"column":20}},"9":{"start":{"line":49,"column":22},"end":{"line":60,"column":3}},"10":{"start":{"line":50,"column":4},"end":{"line":59,"column":5}},"11":{"start":{"line":51,"column":6},"end":{"line":51,"column":23}},"12":{"start":{"line":52,"column":19},"end":{"line":52,"column":53}},"13":{"start":{"line":53,"column":6},"end":{"line":53,"column":23}},"14":{"start":{"line":55,"column":6},"end":{"line":55,"column":40}},"15":{"start":{"line":56,"column":6},"end":{"line":56,"column":38}},"16":{"start":{"line":58,"column":6},"end":{"line":58,"column":24}},"17":{"start":{"line":62,"column":24},"end":{"line":95,"column":3}},"18":{"start":{"line":63,"column":19},"end":{"line":63,"column":31}},"19":{"start":{"line":66,"column":4},"end":{"line":83,"column":5}},"20":{"start":{"line":67,"column":18},"end":{"line":67,"column":28}},"21":{"start":{"line":68,"column":20},"end":{"line":68,"column":39}},"22":{"start":{"line":70,"column":6},"end":{"line":82,"column":9}},"23":{"start":{"line":71,"column":21},"end":{"line":71,"column":43}},"24":{"start":{"line":72,"column":8},"end":{"line":81,"column":9}},"25":{"start":{"line":74,"column":12},"end":{"line":74,"column":32}},"26":{"start":{"line":76,"column":12},"end":{"line":76,"column":36}},"27":{"start":{"line":78,"column":12},"end":{"line":78,"column":37}},"28":{"start":{"line":80,"column":12},"end":{"line":80,"column":24}},"29":{"start":{"line":86,"column":4},"end":{"line":92,"column":5}},"30":{"start":{"line":87,"column":6},"end":{"line":91,"column":8}},"31":{"start":{"line":88,"column":8},"end":{"line":90,"column":62}},"32":{"start":{"line":94,"column":4},"end":{"line":94,"column":33}},"33":{"start":{"line":97,"column":23},"end":{"line":118,"column":3}},"34":{"start":{"line":98,"column":4},"end":{"line":117,"column":6}},"35":{"start":{"line":107,"column":12},"end":{"line":113,"column":13}},"36":{"start":{"line":108,"column":14},"end":{"line":108,"column":54}},"37":{"start":{"line":109,"column":14},"end":{"line":109,"column":34}},"38":{"start":{"line":111,"column":14},"end":{"line":111,"column":44}},"39":{"start":{"line":112,"column":14},"end":{"line":112,"column":44}},"40":{"start":{"line":120,"column":28},"end":{"line":125,"column":3}},"41":{"start":{"line":121,"column":4},"end":{"line":124,"column":7}},"42":{"start":{"line":127,"column":21},"end":{"line":142,"column":3}},"43":{"start":{"line":128,"column":17},"end":{"line":128,"column":36}},"44":{"start":{"line":129,"column":16},"end":{"line":129,"column":26}},"45":{"start":{"line":130,"column":17},"end":{"line":130,"column":47}},"46":{"start":{"line":131,"column":17},"end":{"line":131,"column":57}},"47":{"start":{"line":133,"column":4},"end":{"line":141,"column":5}},"48":{"start":{"line":134,"column":6},"end":{"line":134,"column":94}},"49":{"start":{"line":135,"column":11},"end":{"line":141,"column":5}},"50":{"start":{"line":136,"column":6},"end":{"line":136,"column":94}},"51":{"start":{"line":137,"column":11},"end":{"line":141,"column":5}},"52":{"start":{"line":138,"column":6},"end":{"line":138,"column":25}},"53":{"start":{"line":140,"column":6},"end":{"line":140,"column":82}},"54":{"start":{"line":144,"column":2},"end":{"line":238,"column":4}},"55":{"start":{"line":172,"column":25},"end":{"line":172,"column":45}},"56":{"start":{"line":178,"column":25},"end":{"line":178,"column":47}},"57":{"start":{"line":184,"column":25},"end":{"line":184,"column":46}},"58":{"start":{"line":190,"column":25},"end":{"line":190,"column":47}},"59":{"start":{"line":212,"column":12},"end":{"line":233,"column":31}},"60":{"start":{"line":215,"column":29},"end":{"line":215,"column":54}},"61":{"start":{"line":216,"column":33},"end":{"line":216,"column":56}},"62":{"start":{"line":241,"column":15},"end":{"line":377,"column":2}}},"fnMap":{"0":{"name":"HistoryScreen","decl":{"start":{"line":32,"column":24},"end":{"line":32,"column":37}},"loc":{"start":{"line":32,"column":61},"end":{"line":239,"column":1}},"line":32},"1":{"name":"(anonymous_1)","decl":{"start":{"line":40,"column":12},"end":{"line":40,"column":13}},"loc":{"start":{"line":40,"column":18},"end":{"line":42,"column":3}},"line":40},"2":{"name":"(anonymous_2)","decl":{"start":{"line":45,"column":12},"end":{"line":45,"column":13}},"loc":{"start":{"line":45,"column":18},"end":{"line":47,"column":3}},"line":45},"3":{"name":"(anonymous_3)","decl":{"start":{"line":49,"column":22},"end":{"line":49,"column":23}},"loc":{"start":{"line":49,"column":34},"end":{"line":60,"column":3}},"line":49},"4":{"name":"(anonymous_4)","decl":{"start":{"line":62,"column":24},"end":{"line":62,"column":25}},"loc":{"start":{"line":62,"column":30},"end":{"line":95,"column":3}},"line":62},"5":{"name":"(anonymous_5)","decl":{"start":{"line":70,"column":33},"end":{"line":70,"column":34}},"loc":{"start":{"line":70,"column":43},"end":{"line":82,"column":7}},"line":70},"6":{"name":"(anonymous_6)","decl":{"start":{"line":87,"column":33},"end":{"line":87,"column":34}},"loc":{"start":{"line":88,"column":8},"end":{"line":90,"column":62}},"line":88},"7":{"name":"(anonymous_7)","decl":{"start":{"line":97,"column":23},"end":{"line":97,"column":24}},"loc":{"start":{"line":97,"column":45},"end":{"line":118,"column":3}},"line":97},"8":{"name":"(anonymous_8)","decl":{"start":{"line":106,"column":19},"end":{"line":106,"column":20}},"loc":{"start":{"line":106,"column":31},"end":{"line":114,"column":11}},"line":106},"9":{"name":"(anonymous_9)","decl":{"start":{"line":120,"column":28},"end":{"line":120,"column":29}},"loc":{"start":{"line":120,"column":56},"end":{"line":125,"column":3}},"line":120},"10":{"name":"(anonymous_10)","decl":{"start":{"line":127,"column":21},"end":{"line":127,"column":22}},"loc":{"start":{"line":127,"column":44},"end":{"line":142,"column":3}},"line":127},"11":{"name":"(anonymous_11)","decl":{"start":{"line":172,"column":19},"end":{"line":172,"column":20}},"loc":{"start":{"line":172,"column":25},"end":{"line":172,"column":45}},"line":172},"12":{"name":"(anonymous_12)","decl":{"start":{"line":178,"column":19},"end":{"line":178,"column":20}},"loc":{"start":{"line":178,"column":25},"end":{"line":178,"column":47}},"line":178},"13":{"name":"(anonymous_13)","decl":{"start":{"line":184,"column":19},"end":{"line":184,"column":20}},"loc":{"start":{"line":184,"column":25},"end":{"line":184,"column":46}},"line":184},"14":{"name":"(anonymous_14)","decl":{"start":{"line":190,"column":19},"end":{"line":190,"column":20}},"loc":{"start":{"line":190,"column":25},"end":{"line":190,"column":47}},"line":190},"15":{"name":"(anonymous_15)","decl":{"start":{"line":211,"column":31},"end":{"line":211,"column":32}},"loc":{"start":{"line":212,"column":12},"end":{"line":233,"column":31}},"line":212},"16":{"name":"(anonymous_16)","decl":{"start":{"line":215,"column":23},"end":{"line":215,"column":24}},"loc":{"start":{"line":215,"column":29},"end":{"line":215,"column":54}},"line":215},"17":{"name":"(anonymous_17)","decl":{"start":{"line":216,"column":27},"end":{"line":216,"column":28}},"loc":{"start":{"line":216,"column":33},"end":{"line":216,"column":56}},"line":216}},"branchMap":{"0":{"loc":{"start":{"line":66,"column":4},"end":{"line":83,"column":5}},"type":"if","locations":[{"start":{"line":66,"column":4},"end":{"line":83,"column":5}},{"start":{},"end":{}}],"line":66},"1":{"loc":{"start":{"line":72,"column":8},"end":{"line":81,"column":9}},"type":"switch","locations":[{"start":{"line":73,"column":10},"end":{"line":74,"column":32}},{"start":{"line":75,"column":10},"end":{"line":76,"column":36}},{"start":{"line":77,"column":10},"end":{"line":78,"column":37}},{"start":{"line":79,"column":10},"end":{"line":80,"column":24}}],"line":72},"2":{"loc":{"start":{"line":86,"column":4},"end":{"line":92,"column":5}},"type":"if","locations":[{"start":{"line":86,"column":4},"end":{"line":92,"column":5}},{"start":{},"end":{}}],"line":86},"3":{"loc":{"start":{"line":88,"column":8},"end":{"line":90,"column":62}},"type":"binary-expr","locations":[{"start":{"line":88,"column":8},"end":{"line":88,"column":53}},{"start":{"line":89,"column":8},"end":{"line":89,"column":53}},{"start":{"line":90,"column":8},"end":{"line":90,"column":62}}],"line":88},"4":{"loc":{"start":{"line":133,"column":4},"end":{"line":141,"column":5}},"type":"if","locations":[{"start":{"line":133,"column":4},"end":{"line":141,"column":5}},{"start":{"line":135,"column":11},"end":{"line":141,"column":5}}],"line":133},"5":{"loc":{"start":{"line":135,"column":11},"end":{"line":141,"column":5}},"type":"if","locations":[{"start":{"line":135,"column":11},"end":{"line":141,"column":5}},{"start":{"line":137,"column":11},"end":{"line":141,"column":5}}],"line":135},"6":{"loc":{"start":{"line":137,"column":11},"end":{"line":141,"column":5}},"type":"if","locations":[{"start":{"line":137,"column":11},"end":{"line":141,"column":5}},{"start":{"line":139,"column":11},"end":{"line":141,"column":5}}],"line":137},"7":{"loc":{"start":{"line":171,"column":37},"end":{"line":171,"column":74}},"type":"binary-expr","locations":[{"start":{"line":171,"column":37},"end":{"line":171,"column":57}},{"start":{"line":171,"column":61},"end":{"line":171,"column":74}}],"line":171},"8":{"loc":{"start":{"line":174,"column":43},"end":{"line":174,"column":84}},"type":"binary-expr","locations":[{"start":{"line":174,"column":43},"end":{"line":174,"column":63}},{"start":{"line":174,"column":67},"end":{"line":174,"column":84}}],"line":174},"9":{"loc":{"start":{"line":177,"column":37},"end":{"line":177,"column":76}},"type":"binary-expr","locations":[{"start":{"line":177,"column":37},"end":{"line":177,"column":59}},{"start":{"line":177,"column":63},"end":{"line":177,"column":76}}],"line":177},"10":{"loc":{"start":{"line":180,"column":43},"end":{"line":180,"column":86}},"type":"binary-expr","locations":[{"start":{"line":180,"column":43},"end":{"line":180,"column":65}},{"start":{"line":180,"column":69},"end":{"line":180,"column":86}}],"line":180},"11":{"loc":{"start":{"line":183,"column":37},"end":{"line":183,"column":75}},"type":"binary-expr","locations":[{"start":{"line":183,"column":37},"end":{"line":183,"column":58}},{"start":{"line":183,"column":62},"end":{"line":183,"column":75}}],"line":183},"12":{"loc":{"start":{"line":186,"column":43},"end":{"line":186,"column":85}},"type":"binary-expr","locations":[{"start":{"line":186,"column":43},"end":{"line":186,"column":64}},{"start":{"line":186,"column":68},"end":{"line":186,"column":85}}],"line":186},"13":{"loc":{"start":{"line":189,"column":37},"end":{"line":189,"column":76}},"type":"binary-expr","locations":[{"start":{"line":189,"column":37},"end":{"line":189,"column":59}},{"start":{"line":189,"column":63},"end":{"line":189,"column":76}}],"line":189},"14":{"loc":{"start":{"line":192,"column":43},"end":{"line":192,"column":86}},"type":"binary-expr","locations":[{"start":{"line":192,"column":43},"end":{"line":192,"column":65}},{"start":{"line":192,"column":69},"end":{"line":192,"column":86}}],"line":192},"15":{"loc":{"start":{"line":197,"column":7},"end":{"line":236,"column":7}},"type":"cond-expr","locations":[{"start":{"line":198,"column":8},"end":{"line":200,"column":15}},{"start":{"line":201,"column":10},"end":{"line":236,"column":7}}],"line":197},"16":{"loc":{"start":{"line":201,"column":10},"end":{"line":236,"column":7}},"type":"cond-expr","locations":[{"start":{"line":202,"column":8},"end":{"line":208,"column":21}},{"start":{"line":210,"column":8},"end":{"line":235,"column":21}}],"line":201},"17":{"loc":{"start":{"line":227,"column":17},"end":{"line":231,"column":17}},"type":"binary-expr","locations":[{"start":{"line":227,"column":17},"end":{"line":227,"column":31}},{"start":{"line":228,"column":18},"end":{"line":230,"column":25}}],"line":227}},"s":{"0":0,"1":0,"2":0,"3":0,"4":0,"5":0,"6":0,"7":0,"8":0,"9":0,"10":0,"11":0,"12":0,"13":0,"14":0,"15":0,"16":0,"17":0,"18":0,"19":0,"20":0,"21":0,"22":0,"23":0,"24":0,"25":0,"26":0,"27":0,"28":0,"29":0,"30":0,"31":0,"32":0,"33":0,"34":0,"35":0,"36":0,"37":0,"38":0,"39":0,"40":0,"41":0,"42":0,"43":0,"44":0,"45":0,"46":0,"47":0,"48":0,"49":0,"50":0,"51":0,"52":0,"53":0,"54":0,"55":0,"56":0,"57":0,"58":0,"59":0,"60":0,"61":0,"62":0},"f":{"0":0,"1":0,"2":0,"3":0,"4":0,"5":0,"6":0,"7":0,"8":0,"9":0,"10":0,"11":0,"12":0,"13":0,"14":0,"15":0,"16":0,"17":0},"b":{"0":[0,0],"1":[0,0,0,0],"2":[0,0],"3":[0,0,0],"4":[0,0],"5":[0,0],"6":[0,0],"7":[0,0],"8":[0,0],"9":[0,0],"10":[0,0],"11":[0,0],"12":[0,0],"13":[0,0],"14":[0,0],"15":[0,0],"16":[0,0],"17":[0,0]}}
,"/Users/test/project_for_agency/cat-mood-app/CatWishExpo/src/screens/HomeScreen.tsx": {"path":"/Users/test/project_for_agency/cat-mood-app/CatWishExpo/src/screens/HomeScreen.tsx","statementMap":{"0":{"start":{"line":26,"column":19},"end":{"line":110,"column":1}},"1":{"start":{"line":28,"column":28},"end":{"line":30,"column":18}},"2":{"start":{"line":29,"column":4},"end":{"line":29,"column":41}},"3":{"start":{"line":32,"column":29},"end":{"line":35,"column":8}},"4":{"start":{"line":34,"column":4},"end":{"line":34,"column":25}},"5":{"start":{"line":37,"column":28},"end":{"line":39,"column":18}},"6":{"start":{"line":38,"column":4},"end":{"line":38,"column":42}},"7":{"start":{"line":42,"column":30},"end":{"line":46,"column":9}},"8":{"start":{"line":42,"column":45},"end":{"line":46,"column":3}},"9":{"start":{"line":48,"column":2},"end":{"line":109,"column":4}},"10":{"start":{"line":115,"column":15},"end":{"line":242,"column":2}}},"fnMap":{"0":{"name":"(anonymous_0)","decl":{"start":{"line":26,"column":19},"end":{"line":26,"column":20}},"loc":{"start":{"line":26,"column":46},"end":{"line":110,"column":1}},"line":26},"1":{"name":"(anonymous_1)","decl":{"start":{"line":28,"column":40},"end":{"line":28,"column":41}},"loc":{"start":{"line":28,"column":46},"end":{"line":30,"column":3}},"line":28},"2":{"name":"(anonymous_2)","decl":{"start":{"line":32,"column":41},"end":{"line":32,"column":42}},"loc":{"start":{"line":32,"column":47},"end":{"line":35,"column":3}},"line":32},"3":{"name":"(anonymous_3)","decl":{"start":{"line":37,"column":40},"end":{"line":37,"column":41}},"loc":{"start":{"line":37,"column":46},"end":{"line":39,"column":3}},"line":37},"4":{"name":"(anonymous_4)","decl":{"start":{"line":42,"column":38},"end":{"line":42,"column":39}},"loc":{"start":{"line":42,"column":45},"end":{"line":46,"column":3}},"line":42}},"branchMap":{},"s":{"0":1,"1":15,"2":1,"3":15,"4":1,"5":15,"6":1,"7":15,"8":15,"9":15,"10":1},"f":{"0":15,"1":1,"2":1,"3":1,"4":15},"b":{},"_coverageSchema":"1a1c01bbd47fc00a2c39e90264f33305004495a9","hash":"7ef1e6ac48018bbfe6176702d5fadf958ad7140d"}
,"/Users/test/project_for_agency/cat-mood-app/CatWishExpo/src/screens/MemeEditorScreen.tsx": {"path":"/Users/test/project_for_agency/cat-mood-app/CatWishExpo/src/screens/MemeEditorScreen.tsx","statementMap":{"0":{"start":{"line":43,"column":39},"end":{"line":43,"column":51}},"1":{"start":{"line":46,"column":22},"end":{"line":46,"column":39}},"2":{"start":{"line":49,"column":46},"end":{"line":49,"column":92}},"3":{"start":{"line":50,"column":50},"end":{"line":50,"column":72}},"4":{"start":{"line":51,"column":34},"end":{"line":51,"column":112}},"5":{"start":{"line":52,"column":32},"end":{"line":52,"column":47}},"6":{"start":{"line":53,"column":44},"end":{"line":53,"column":73}},"7":{"start":{"line":54,"column":50},"end":{"line":54,"column":65}},"8":{"start":{"line":56,"column":18},"end":{"line":60,"column":3}},"9":{"start":{"line":62,"column":19},"end":{"line":66,"column":3}},"10":{"start":{"line":68,"column":24},"end":{"line":74,"column":3}},"11":{"start":{"line":69,"column":4},"end":{"line":73,"column":5}},"12":{"start":{"line":70,"column":6},"end":{"line":70,"column":71}},"13":{"start":{"line":70,"column":55},"end":{"line":70,"column":68}},"14":{"start":{"line":71,"column":11},"end":{"line":73,"column":5}},"15":{"start":{"line":72,"column":6},"end":{"line":72,"column":58}},"16":{"start":{"line":77,"column":25},"end":{"line":103,"column":3}},"17":{"start":{"line":78,"column":4},"end":{"line":81,"column":5}},"18":{"start":{"line":79,"column":6},"end":{"line":79,"column":36}},"19":{"start":{"line":80,"column":6},"end":{"line":80,"column":13}},"20":{"start":{"line":83,"column":4},"end":{"line":83,"column":21}},"21":{"start":{"line":84,"column":4},"end":{"line":102,"column":5}},"22":{"start":{"line":85,"column":33},"end":{"line":90,"column":7}},"23":{"start":{"line":93,"column":21},"end":{"line":93,"column":74}},"24":{"start":{"line":94,"column":6},"end":{"line":94,"column":35}},"25":{"start":{"line":95,"column":6},"end":{"line":95,"column":32}},"26":{"start":{"line":96,"column":6},"end":{"line":96,"column":40}},"27":{"start":{"line":98,"column":6},"end":{"line":98,"column":38}},"28":{"start":{"line":99,"column":6},"end":{"line":99,"column":58}},"29":{"start":{"line":101,"column":6},"end":{"line":101,"column":24}},"30":{"start":{"line":106,"column":30},"end":{"line":120,"column":3}},"31":{"start":{"line":107,"column":4},"end":{"line":107,"column":31}},"32":{"start":{"line":107,"column":24},"end":{"line":107,"column":31}},"33":{"start":{"line":109,"column":4},"end":{"line":119,"column":5}},"34":{"start":{"line":110,"column":22},"end":{"line":110,"column":70}},"35":{"start":{"line":111,"column":6},"end":{"line":115,"column":7}},"36":{"start":{"line":112,"column":8},"end":{"line":112,"column":41}},"37":{"start":{"line":114,"column":8},"end":{"line":114,"column":39}},"38":{"start":{"line":117,"column":6},"end":{"line":117,"column":36}},"39":{"start":{"line":118,"column":6},"end":{"line":118,"column":37}},"40":{"start":{"line":123,"column":22},"end":{"line":134,"column":3}},"41":{"start":{"line":124,"column":4},"end":{"line":124,"column":31}},"42":{"start":{"line":124,"column":24},"end":{"line":124,"column":31}},"43":{"start":{"line":126,"column":4},"end":{"line":133,"column":5}},"44":{"start":{"line":127,"column":6},"end":{"line":130,"column":8}},"45":{"start":{"line":132,"column":6},"end":{"line":132,"column":36}},"46":{"start":{"line":137,"column":21},"end":{"line":142,"column":3}},"47":{"start":{"line":138,"column":4},"end":{"line":140,"column":5}},"48":{"start":{"line":139,"column":6},"end":{"line":139,"column":36}},"49":{"start":{"line":141,"column":4},"end":{"line":141,"column":24}},"50":{"start":{"line":144,"column":2},"end":{"line":367,"column":4}},"51":{"start":{"line":148,"column":41},"end":{"line":148,"column":60}},"52":{"start":{"line":186,"column":16},"end":{"line":197,"column":23}},"53":{"start":{"line":229,"column":14},"end":{"line":247,"column":33}},"54":{"start":{"line":235,"column":31},"end":{"line":235,"column":66}},"55":{"start":{"line":259,"column":14},"end":{"line":269,"column":33}},"56":{"start":{"line":265,"column":31},"end":{"line":265,"column":53}},"57":{"start":{"line":324,"column":16},"end":{"line":324,"column":39}},"58":{"start":{"line":325,"column":16},"end":{"line":325,"column":43}},"59":{"start":{"line":340,"column":30},"end":{"line":340,"column":56}},"60":{"start":{"line":352,"column":31},"end":{"line":352,"column":57}},"61":{"start":{"line":370,"column":15},"end":{"line":733,"column":2}}},"fnMap":{"0":{"name":"MemeEditorScreen","decl":{"start":{"line":42,"column":24},"end":{"line":42,"column":40}},"loc":{"start":{"line":42,"column":71},"end":{"line":368,"column":1}},"line":42},"1":{"name":"(anonymous_1)","decl":{"start":{"line":68,"column":24},"end":{"line":68,"column":25}},"loc":{"start":{"line":68,"column":45},"end":{"line":74,"column":3}},"line":68},"2":{"name":"(anonymous_2)","decl":{"start":{"line":70,"column":50},"end":{"line":70,"column":51}},"loc":{"start":{"line":70,"column":55},"end":{"line":70,"column":68}},"line":70},"3":{"name":"(anonymous_3)","decl":{"start":{"line":77,"column":25},"end":{"line":77,"column":26}},"loc":{"start":{"line":77,"column":37},"end":{"line":103,"column":3}},"line":77},"4":{"name":"(anonymous_4)","decl":{"start":{"line":106,"column":30},"end":{"line":106,"column":31}},"loc":{"start":{"line":106,"column":42},"end":{"line":120,"column":3}},"line":106},"5":{"name":"(anonymous_5)","decl":{"start":{"line":123,"column":22},"end":{"line":123,"column":23}},"loc":{"start":{"line":123,"column":34},"end":{"line":134,"column":3}},"line":123},"6":{"name":"(anonymous_6)","decl":{"start":{"line":137,"column":21},"end":{"line":137,"column":22}},"loc":{"start":{"line":137,"column":27},"end":{"line":142,"column":3}},"line":137},"7":{"name":"(anonymous_7)","decl":{"start":{"line":148,"column":35},"end":{"line":148,"column":36}},"loc":{"start":{"line":148,"column":41},"end":{"line":148,"column":60}},"line":148},"8":{"name":"(anonymous_8)","decl":{"start":{"line":185,"column":36},"end":{"line":185,"column":37}},"loc":{"start":{"line":186,"column":16},"end":{"line":197,"column":23}},"line":186},"9":{"name":"(anonymous_9)","decl":{"start":{"line":228,"column":25},"end":{"line":228,"column":26}},"loc":{"start":{"line":229,"column":14},"end":{"line":247,"column":33}},"line":229},"10":{"name":"(anonymous_10)","decl":{"start":{"line":235,"column":25},"end":{"line":235,"column":26}},"loc":{"start":{"line":235,"column":31},"end":{"line":235,"column":66}},"line":235},"11":{"name":"(anonymous_11)","decl":{"start":{"line":258,"column":42},"end":{"line":258,"column":43}},"loc":{"start":{"line":259,"column":14},"end":{"line":269,"column":33}},"line":259},"12":{"name":"(anonymous_12)","decl":{"start":{"line":265,"column":25},"end":{"line":265,"column":26}},"loc":{"start":{"line":265,"column":31},"end":{"line":265,"column":53}},"line":265},"13":{"name":"(anonymous_13)","decl":{"start":{"line":323,"column":23},"end":{"line":323,"column":24}},"loc":{"start":{"line":323,"column":29},"end":{"line":326,"column":15}},"line":323},"14":{"name":"(anonymous_14)","decl":{"start":{"line":340,"column":24},"end":{"line":340,"column":25}},"loc":{"start":{"line":340,"column":30},"end":{"line":340,"column":56}},"line":340},"15":{"name":"(anonymous_15)","decl":{"start":{"line":352,"column":25},"end":{"line":352,"column":26}},"loc":{"start":{"line":352,"column":31},"end":{"line":352,"column":57}},"line":352}},"branchMap":{"0":{"loc":{"start":{"line":51,"column":43},"end":{"line":51,"column":111}},"type":"binary-expr","locations":[{"start":{"line":51,"column":43},"end":{"line":51,"column":66}},{"start":{"line":51,"column":70},"end":{"line":51,"column":105}},{"start":{"line":51,"column":109},"end":{"line":51,"column":111}}],"line":51},"1":{"loc":{"start":{"line":69,"column":4},"end":{"line":73,"column":5}},"type":"if","locations":[{"start":{"line":69,"column":4},"end":{"line":73,"column":5}},{"start":{"line":71,"column":11},"end":{"line":73,"column":5}}],"line":69},"2":{"loc":{"start":{"line":71,"column":11},"end":{"line":73,"column":5}},"type":"if","locations":[{"start":{"line":71,"column":11},"end":{"line":73,"column":5}},{"start":{},"end":{}}],"line":71},"3":{"loc":{"start":{"line":78,"column":4},"end":{"line":81,"column":5}},"type":"if","locations":[{"start":{"line":78,"column":4},"end":{"line":81,"column":5}},{"start":{},"end":{}}],"line":78},"4":{"loc":{"start":{"line":99,"column":26},"end":{"line":99,"column":56}},"type":"binary-expr","locations":[{"start":{"line":99,"column":26},"end":{"line":99,"column":39}},{"start":{"line":99,"column":43},"end":{"line":99,"column":56}}],"line":99},"5":{"loc":{"start":{"line":107,"column":4},"end":{"line":107,"column":31}},"type":"if","locations":[{"start":{"line":107,"column":4},"end":{"line":107,"column":31}},{"start":{},"end":{}}],"line":107},"6":{"loc":{"start":{"line":111,"column":6},"end":{"line":115,"column":7}},"type":"if","locations":[{"start":{"line":111,"column":6},"end":{"line":115,"column":7}},{"start":{"line":113,"column":13},"end":{"line":115,"column":7}}],"line":111},"7":{"loc":{"start":{"line":124,"column":4},"end":{"line":124,"column":31}},"type":"if","locations":[{"start":{"line":124,"column":4},"end":{"line":124,"column":31}},{"start":{},"end":{}}],"line":124},"8":{"loc":{"start":{"line":138,"column":4},"end":{"line":140,"column":5}},"type":"if","locations":[{"start":{"line":138,"column":4},"end":{"line":140,"column":5}},{"start":{},"end":{}}],"line":138},"9":{"loc":{"start":{"line":170,"column":42},"end":{"line":170,"column":82}},"type":"binary-expr","locations":[{"start":{"line":170,"column":42},"end":{"line":170,"column":55}},{"start":{"line":170,"column":59},"end":{"line":170,"column":82}}],"line":170},"10":{"loc":{"start":{"line":201,"column":15},"end":{"line":205,"column":15}},"type":"binary-expr","locations":[{"start":{"line":201,"column":15},"end":{"line":201,"column":23}},{"start":{"line":202,"column":16},"end":{"line":204,"column":23}}],"line":201},"11":{"loc":{"start":{"line":208,"column":15},"end":{"line":212,"column":15}},"type":"binary-expr","locations":[{"start":{"line":208,"column":15},"end":{"line":208,"column":28}},{"start":{"line":209,"column":16},"end":{"line":211,"column":23}}],"line":208},"12":{"loc":{"start":{"line":217,"column":11},"end":{"line":221,"column":11}},"type":"binary-expr","locations":[{"start":{"line":217,"column":11},"end":{"line":217,"column":24}},{"start":{"line":218,"column":12},"end":{"line":220,"column":19}}],"line":217},"13":{"loc":{"start":{"line":233,"column":18},"end":{"line":233,"column":69}},"type":"binary-expr","locations":[{"start":{"line":233,"column":18},"end":{"line":233,"column":46}},{"start":{"line":233,"column":50},"end":{"line":233,"column":69}}],"line":233},"14":{"loc":{"start":{"line":242,"column":20},"end":{"line":242,"column":76}},"type":"binary-expr","locations":[{"start":{"line":242,"column":20},"end":{"line":242,"column":48}},{"start":{"line":242,"column":52},"end":{"line":242,"column":76}}],"line":242},"15":{"loc":{"start":{"line":263,"column":18},"end":{"line":263,"column":78}},"type":"binary-expr","locations":[{"start":{"line":263,"column":18},"end":{"line":263,"column":52}},{"start":{"line":263,"column":56},"end":{"line":263,"column":78}}],"line":263},"16":{"loc":{"start":{"line":291,"column":41},"end":{"line":291,"column":81}},"type":"binary-expr","locations":[{"start":{"line":291,"column":41},"end":{"line":291,"column":48}},{"start":{"line":291,"column":52},"end":{"line":291,"column":81}}],"line":291},"17":{"loc":{"start":{"line":293,"column":20},"end":{"line":293,"column":53}},"type":"binary-expr","locations":[{"start":{"line":293,"column":20},"end":{"line":293,"column":27}},{"start":{"line":293,"column":31},"end":{"line":293,"column":53}}],"line":293},"18":{"loc":{"start":{"line":295,"column":11},"end":{"line":301,"column":11}},"type":"cond-expr","locations":[{"start":{"line":296,"column":12},"end":{"line":296,"column":74}},{"start":{"line":298,"column":12},"end":{"line":300,"column":19}}],"line":295},"19":{"loc":{"start":{"line":299,"column":15},"end":{"line":299,"column":50}},"type":"cond-expr","locations":[{"start":{"line":299,"column":31},"end":{"line":299,"column":38}},{"start":{"line":299,"column":41},"end":{"line":299,"column":50}}],"line":299},"20":{"loc":{"start":{"line":305,"column":9},"end":{"line":332,"column":9}},"type":"binary-expr","locations":[{"start":{"line":305,"column":9},"end":{"line":305,"column":22}},{"start":{"line":306,"column":10},"end":{"line":331,"column":17}}],"line":305}},"s":{"0":0,"1":0,"2":0,"3":0,"4":0,"5":0,"6":0,"7":0,"8":0,"9":0,"10":0,"11":0,"12":0,"13":0,"14":0,"15":0,"16":0,"17":0,"18":0,"19":0,"20":0,"21":0,"22":0,"23":0,"24":0,"25":0,"26":0,"27":0,"28":0,"29":0,"30":0,"31":0,"32":0,"33":0,"34":0,"35":0,"36":0,"37":0,"38":0,"39":0,"40":0,"41":0,"42":0,"43":0,"44":0,"45":0,"46":0,"47":0,"48":0,"49":0,"50":0,"51":0,"52":0,"53":0,"54":0,"55":0,"56":0,"57":0,"58":0,"59":0,"60":0,"61":0},"f":{"0":0,"1":0,"2":0,"3":0,"4":0,"5":0,"6":0,"7":0,"8":0,"9":0,"10":0,"11":0,"12":0,"13":0,"14":0,"15":0},"b":{"0":[0,0,0],"1":[0,0],"2":[0,0],"3":[0,0],"4":[0,0],"5":[0,0],"6":[0,0],"7":[0,0],"8":[0,0],"9":[0,0],"10":[0,0],"11":[0,0],"12":[0,0],"13":[0,0],"14":[0,0],"15":[0,0],"16":[0,0],"17":[0,0],"18":[0,0],"19":[0,0],"20":[0,0]}}
,"/Users/test/project_for_agency/cat-mood-app/CatWishExpo/src/screens/ProfileScreen.tsx": {"path":"/Users/test/project_for_agency/cat-mood-app/CatWishExpo/src/screens/ProfileScreen.tsx","statementMap":{"0":{"start":{"line":18,"column":2},"end":{"line":45,"column":4}},"1":{"start":{"line":55,"column":2},"end":{"line":61,"column":4}},"2":{"start":{"line":64,"column":15},"end":{"line":134,"column":2}}},"fnMap":{"0":{"name":"ProfileScreen","decl":{"start":{"line":17,"column":24},"end":{"line":17,"column":37}},"loc":{"start":{"line":17,"column":40},"end":{"line":46,"column":1}},"line":17},"1":{"name":"(anonymous_1)","decl":{"start":{"line":31,"column":48},"end":{"line":31,"column":49}},"loc":{"start":{"line":31,"column":54},"end":{"line":31,"column":56}},"line":31},"2":{"name":"(anonymous_2)","decl":{"start":{"line":32,"column":48},"end":{"line":32,"column":49}},"loc":{"start":{"line":32,"column":54},"end":{"line":32,"column":56}},"line":32},"3":{"name":"(anonymous_3)","decl":{"start":{"line":33,"column":48},"end":{"line":33,"column":49}},"loc":{"start":{"line":33,"column":54},"end":{"line":33,"column":56}},"line":33},"4":{"name":"(anonymous_4)","decl":{"start":{"line":34,"column":48},"end":{"line":34,"column":49}},"loc":{"start":{"line":34,"column":54},"end":{"line":34,"column":56}},"line":34},"5":{"name":"(anonymous_5)","decl":{"start":{"line":35,"column":49},"end":{"line":35,"column":50}},"loc":{"start":{"line":35,"column":55},"end":{"line":35,"column":57}},"line":35},"6":{"name":"(anonymous_6)","decl":{"start":{"line":36,"column":50},"end":{"line":36,"column":51}},"loc":{"start":{"line":36,"column":56},"end":{"line":36,"column":58}},"line":36},"7":{"name":"MenuItem","decl":{"start":{"line":54,"column":9},"end":{"line":54,"column":17}},"loc":{"start":{"line":54,"column":59},"end":{"line":62,"column":1}},"line":54}},"branchMap":{},"s":{"0":0,"1":0,"2":0},"f":{"0":0,"1":0,"2":0,"3":0,"4":0,"5":0,"6":0,"7":0},"b":{}}
,"/Users/test/project_for_agency/cat-mood-app/CatWishExpo/src/screens/ResultScreen.tsx": {"path":"/Users/test/project_for_agency/cat-mood-app/CatWishExpo/src/screens/ResultScreen.tsx","statementMap":{"0":{"start":{"line":40,"column":39},"end":{"line":40,"column":51}},"1":{"start":{"line":43,"column":2},"end":{"line":45,"column":9}},"2":{"start":{"line":44,"column":4},"end":{"line":44,"column":20}},"3":{"start":{"line":47,"column":24},"end":{"line":62,"column":3}},"4":{"start":{"line":48,"column":4},"end":{"line":61,"column":5}},"5":{"start":{"line":49,"column":21},"end":{"line":55,"column":7}},"6":{"start":{"line":57,"column":6},"end":{"line":57,"column":48}},"7":{"start":{"line":58,"column":6},"end":{"line":58,"column":39}},"8":{"start":{"line":60,"column":6},"end":{"line":60,"column":36}},"9":{"start":{"line":64,"column":29},"end":{"line":69,"column":3}},"10":{"start":{"line":65,"column":4},"end":{"line":68,"column":14}},"11":{"start":{"line":71,"column":22},"end":{"line":84,"column":3}},"12":{"start":{"line":72,"column":4},"end":{"line":83,"column":5}},"13":{"start":{"line":73,"column":22},"end":{"line":76,"column":8}},"14":{"start":{"line":78,"column":6},"end":{"line":80,"column":7}},"15":{"start":{"line":79,"column":8},"end":{"line":79,"column":34}},"16":{"start":{"line":82,"column":6},"end":{"line":82,"column":36}},"17":{"start":{"line":86,"column":21},"end":{"line":95,"column":3}},"18":{"start":{"line":87,"column":4},"end":{"line":94,"column":6}},"19":{"start":{"line":91,"column":39},"end":{"line":91,"column":76}},"20":{"start":{"line":97,"column":26},"end":{"line":105,"column":3}},"21":{"start":{"line":98,"column":4},"end":{"line":104,"column":6}},"22":{"start":{"line":108,"column":26},"end":{"line":124,"column":3}},"23":{"start":{"line":109,"column":50},"end":{"line":116,"column":5}},"24":{"start":{"line":118,"column":4},"end":{"line":122,"column":5}},"25":{"start":{"line":119,"column":6},"end":{"line":121,"column":7}},"26":{"start":{"line":120,"column":8},"end":{"line":120,"column":21}},"27":{"start":{"line":123,"column":4},"end":{"line":123,"column":26}},"28":{"start":{"line":126,"column":2},"end":{"line":230,"column":4}},"29":{"start":{"line":130,"column":41},"end":{"line":130,"column":60}},"30":{"start":{"line":233,"column":15},"end":{"line":438,"column":2}}},"fnMap":{"0":{"name":"ResultScreen","decl":{"start":{"line":39,"column":24},"end":{"line":39,"column":36}},"loc":{"start":{"line":39,"column":67},"end":{"line":231,"column":1}},"line":39},"1":{"name":"(anonymous_1)","decl":{"start":{"line":43,"column":18},"end":{"line":43,"column":19}},"loc":{"start":{"line":43,"column":24},"end":{"line":45,"column":3}},"line":43},"2":{"name":"(anonymous_2)","decl":{"start":{"line":47,"column":24},"end":{"line":47,"column":25}},"loc":{"start":{"line":47,"column":36},"end":{"line":62,"column":3}},"line":47},"3":{"name":"(anonymous_3)","decl":{"start":{"line":64,"column":29},"end":{"line":64,"column":30}},"loc":{"start":{"line":64,"column":35},"end":{"line":69,"column":3}},"line":64},"4":{"name":"(anonymous_4)","decl":{"start":{"line":71,"column":22},"end":{"line":71,"column":23}},"loc":{"start":{"line":71,"column":34},"end":{"line":84,"column":3}},"line":71},"5":{"name":"(anonymous_5)","decl":{"start":{"line":86,"column":21},"end":{"line":86,"column":22}},"loc":{"start":{"line":86,"column":33},"end":{"line":95,"column":3}},"line":86},"6":{"name":"(anonymous_6)","decl":{"start":{"line":91,"column":33},"end":{"line":91,"column":34}},"loc":{"start":{"line":91,"column":39},"end":{"line":91,"column":76}},"line":91},"7":{"name":"(anonymous_7)","decl":{"start":{"line":97,"column":26},"end":{"line":97,"column":27}},"loc":{"start":{"line":97,"column":32},"end":{"line":105,"column":3}},"line":97},"8":{"name":"(anonymous_8)","decl":{"start":{"line":108,"column":26},"end":{"line":108,"column":27}},"loc":{"start":{"line":108,"column":47},"end":{"line":124,"column":3}},"line":108},"9":{"name":"(anonymous_9)","decl":{"start":{"line":130,"column":35},"end":{"line":130,"column":36}},"loc":{"start":{"line":130,"column":41},"end":{"line":130,"column":60}},"line":130}},"branchMap":{"0":{"loc":{"start":{"line":78,"column":6},"end":{"line":80,"column":7}},"type":"if","locations":[{"start":{"line":78,"column":6},"end":{"line":80,"column":7}},{"start":{},"end":{}}],"line":78},"1":{"loc":{"start":{"line":119,"column":6},"end":{"line":121,"column":7}},"type":"if","locations":[{"start":{"line":119,"column":6},"end":{"line":121,"column":7}},{"start":{},"end":{}}],"line":119},"2":{"loc":{"start":{"line":200,"column":13},"end":{"line":200,"column":48}},"type":"binary-expr","locations":[{"start":{"line":200,"column":13},"end":{"line":200,"column":40}},{"start":{"line":200,"column":44},"end":{"line":200,"column":48}}],"line":200}},"s":{"0":21,"1":21,"2":21,"3":21,"4":21,"5":21,"6":21,"7":21,"8":0,"9":21,"10":1,"11":21,"12":1,"13":1,"14":0,"15":0,"16":1,"17":21,"18":1,"19":0,"20":21,"21":1,"22":21,"23":0,"24":0,"25":0,"26":0,"27":0,"28":21,"29":1,"30":1},"f":{"0":21,"1":21,"2":21,"3":1,"4":1,"5":1,"6":0,"7":1,"8":0,"9":1},"b":{"0":[0,0],"1":[0,0],"2":[21,0]},"_coverageSchema":"1a1c01bbd47fc00a2c39e90264f33305004495a9","hash":"ddc5e92deb14383b1b707854ac2ec873d7873f31"}
,"/Users/test/project_for_agency/cat-mood-app/CatWishExpo/src/services/MemeGenerator.ts": {"path":"/Users/test/project_for_agency/cat-mood-app/CatWishExpo/src/services/MemeGenerator.ts","statementMap":{"0":{"start":{"line":34,"column":4},"end":{"line":55,"column":5}},"1":{"start":{"line":35,"column":6},"end":{"line":35,"column":41}},"2":{"start":{"line":38,"column":18},"end":{"line":43,"column":8}},"3":{"start":{"line":45,"column":6},"end":{"line":45,"column":37}},"4":{"start":{"line":47,"column":6},"end":{"line":51,"column":8}},"5":{"start":{"line":53,"column":6},"end":{"line":53,"column":38}},"6":{"start":{"line":54,"column":6},"end":{"line":54,"column":37}},"7":{"start":{"line":62,"column":4},"end":{"line":90,"column":5}},"8":{"start":{"line":63,"column":6},"end":{"line":63,"column":36}},"9":{"start":{"line":66,"column":6},"end":{"line":72,"column":7}},"10":{"start":{"line":67,"column":24},"end":{"line":67,"column":61}},"11":{"start":{"line":68,"column":8},"end":{"line":71,"column":9}},"12":{"start":{"line":69,"column":10},"end":{"line":69,"column":46}},"13":{"start":{"line":70,"column":10},"end":{"line":70,"column":23}},"14":{"start":{"line":75,"column":23},"end":{"line":75,"column":68}},"15":{"start":{"line":76,"column":6},"end":{"line":76,"column":39}},"16":{"start":{"line":78,"column":6},"end":{"line":78,"column":39}},"17":{"start":{"line":79,"column":6},"end":{"line":79,"column":18}},"18":{"start":{"line":81,"column":6},"end":{"line":81,"column":38}},"19":{"start":{"line":83,"column":6},"end":{"line":87,"column":7}},"20":{"start":{"line":84,"column":8},"end":{"line":84,"column":43}},"21":{"start":{"line":86,"column":8},"end":{"line":86,"column":56}},"22":{"start":{"line":89,"column":6},"end":{"line":89,"column":19}},"23":{"start":{"line":97,"column":4},"end":{"line":120,"column":5}},"24":{"start":{"line":98,"column":24},"end":{"line":98,"column":55}},"25":{"start":{"line":100,"column":6},"end":{"line":109,"column":7}},"26":{"start":{"line":101,"column":8},"end":{"line":104,"column":11}},"27":{"start":{"line":106,"column":8},"end":{"line":108,"column":11}},"28":{"start":{"line":111,"column":6},"end":{"line":111,"column":28}},"29":{"start":{"line":113,"column":6},"end":{"line":113,"column":38}},"30":{"start":{"line":115,"column":6},"end":{"line":119,"column":7}},"31":{"start":{"line":116,"column":8},"end":{"line":116,"column":30}},"32":{"start":{"line":118,"column":8},"end":{"line":118,"column":40}},"33":{"start":{"line":127,"column":4},"end":{"line":141,"column":5}},"34":{"start":{"line":128,"column":22},"end":{"line":136,"column":7}},"35":{"start":{"line":137,"column":6},"end":{"line":137,"column":60}},"36":{"start":{"line":139,"column":6},"end":{"line":139,"column":38}},"37":{"start":{"line":140,"column":6},"end":{"line":140,"column":19}},"38":{"start":{"line":148,"column":4},"end":{"line":148,"column":47}},"39":{"start":{"line":149,"column":4},"end":{"line":149,"column":34}},"40":{"start":{"line":156,"column":20},"end":{"line":175,"column":5}},"41":{"s
[...]
"end":{"line":98,"column":16}},"18":{"start":{"line":105,"column":4},"end":{"line":114,"column":5}},"19":{"start":{"line":106,"column":23},"end":{"line":110,"column":8}},"20":{"start":{"line":111,"column":6},"end":{"line":111,"column":25}},"21":{"start":{"line":113,"column":6},"end":{"line":113,"column":19}},"22":{"start":{"line":122,"column":4},"end":{"line":124,"column":5}},"23":{"start":{"line":123,"column":6},"end":{"line":123,"column":52}},"24":{"start":{"line":127,"column":4},"end":{"line":129,"column":5}},"25":{"start":{"line":128,"column":6},"end":{"line":128,"column":31}},"26":{"start":{"line":132,"column":4},"end":{"line":145,"column":5}},"27":{"start":{"line":134,"column":23},"end":{"line":134,"column":39}},"28":{"start":{"line":135,"column":19},"end":{"line":135,"column":40}},"29":{"start":{"line":136,"column":6},"end":{"line":144,"column":9}},"30":{"start":{"line":137,"column":23},"end":{"line":137,"column":39}},"31":{"start":{"line":138,"column":8},"end":{"line":141,"column":10}},"32":{"start":{"line":139,"column":25},"end":{"line":139,"column":64}},"33":{"start":{"line":140,"column":10},"end":{"line":140,"column":26}},"34":{"start":{"line":142,"column":8},"end":{"line":142,"column":32}},"35":{"start":{"line":143,"column":8},"end":{"line":143,"column":35}},"36":{"start":{"line":147,"column":4},"end":{"line":147,"column":35}},"37":{"start":{"line":154,"column":4},"end":{"line":167,"column":15}},"38":{"start":{"line":174,"column":4},"end":{"line":195,"column":17}},"39":{"start":{"line":202,"column":4},"end":{"line":230,"column":5}},"40":{"start":{"line":204,"column":20},"end":{"line":204,"column":27}},"41":{"start":{"line":205,"column":24},"end":{"line":206,"column":62}},"42":{"start":{"line":207,"column":6},"end":{"line":209,"column":7}},"43":{"start":{"line":208,"column":8},"end":{"line":208,"column":31}},"44":{"start":{"line":211,"column":21},"end":{"line":211,"column":40}},"45":{"start":{"line":214,"column":6},"end":{"line":216,"column":7}},"46":{"start":{"line":215,"column":8},"end":{"line":215,"column":36}},"47":{"start":{"line":218,"column":6},"end":{"line":226,"column":8}},"48":{"start":{"line":228,"column":6},"end":{"line":228,"column":44}},"49":{"start":{"line":229,"column":6},"end":{"line":229,"column":34}}},"fnMap":{"0":{"name":"(anonymous_0)","decl":{"start":{"line":19,"column":2},"end":{"line":19,"column":3}},"loc":{"start":{"line":19,"column":34},"end":{"line":25,"column":3}},"line":19},"1":{"name":"(anonymous_1)","decl":{"start":{"line":31,"column":2},"end":{"line":31,"column":3}},"loc":{"start":{"line":31,"column":64},"end":{"line":86,"column":3}},"line":31},"2":{"name":"(anonymous_2)","decl":{"start":{"line":92,"column":2},"end":{"line":92,"column":3}},"loc":{"start":{"line":92,"column":56},"end":{"line":99,"column":3}},"line":92},"3":{"name":"(anonymous_3)","decl":{"start":{"line":104,"column":2},"end":{"line":104,"column":3}},"loc":{"start":{"line":104,"column":40},"end":{"line":115,"column":3}},"line":104},"4":{"name":"(anonymous_4)","decl":{"start":{"line":120,"column":2},"end":{"line":120,"column":3}},"loc":{"start":{"line":120,"column":60},"end":{"line":148,"column":3}},"line":120},"5":{"name":"(anonymous_5)","decl":{"start":{"line":136,"column":25},"end":{"line":136,"column":26}},"loc":{"start":{"line":136,"column":46},"end":{"line":144,"column":7}},"line":136},"6":{"name":"(anonymous_6)","decl":{"start":{"line":138,"column":27},"end":{"line":138,"column":28}},"loc":{"start":{"line":138,"column":33},"end":{"line":141,"column":9}},"line":138},"7":{"name":"(anonymous_7)","decl":{"start":{"line":153,"column":2},"end":{"line":153,"column":3}},"loc":{"start":{"line":153,"column":36},"end":{"line":168,"column":3}},"line":153},"8":{"name":"(anonymous_8)","decl":{"start":{"line":173,"column":2},"end":{"line":173,"column":3}},"loc":{"start":{"line":173,"column":34},"end":{"line":196,"column":3}},"line":173},"9":{"name":"(anonymous_9)","decl":{"start":{"line":201,"column":2},"end":{"line":201,"column":3}},"loc":{"start":{"line":201,"column":57},"end":{"line":231,"column":3}},"line":201}},"branchMap":{"0":{"loc":{"start":{"line":22,"column":13},"end":{"line":22,"column":40}},"type":"binary-expr","locations":[{"start":{"line":22,"column":13},"end":{"line":22,"column":25}},{"start":{"line":22,"column":29},"end":{"line":22,"column":40}}],"line":22},"1":{"loc":{"start":{"line":23,"column":14},"end":{"line":23,"column":59}},"type":"binary-expr","locations":[{"start":{"line":23,"column":14},"end":{"line":23,"column":27}},{"start":{"line":23,"column":31},"end":{"line":23,"column":59}}],"line":23},"2":{"loc":{"start":{"line":70,"column":6},"end":{"line":73,"column":7}},"type":"if","locations":[{"start":{"line":70,"column":6},"end":{"line":73,"column":7}},{"start":{},"end":{}}],"line":70},"3":{"loc":{"start":{"line":72,"column":39},"end":{"line":72,"column":82}},"type":"binary-expr","locations":[{"start":{"line":72,"column":39},"end":{"line":72,"column":59}},{"start":{"line":72,"column":63},"end":{"line":72,"column":82}}],"line":72},"4":{"loc":{"start":{"line":122,"column":4},"end":{"line":124,"column":5}},"type":"if","locations":[{"start":{"line":122,"column":4},"end":{"line":124,"column":5}},{"start":{},"end":{}}],"line":122},"5":{"loc":{"start":{"line":127,"column":4},"end":{"line":129,"column":5}},"type":"if","locations":[{"start":{"line":127,"column":4},"end":{"line":129,"column":5}},{"start":{},"end":{}}],"line":127},"6":{"loc":{"start":{"line":132,"column":4},"end":{"line":145,"column":5}},"type":"if","locations":[{"start":{"line":132,"column":4},"end":{"line":145,"column":5}},{"start":{},"end":{}}],"line":132},"7":{"loc":{"start":{"line":132,"column":8},"end":{"line":132,"column":58}},"type":"binary-expr","locations":[{"start":{"line":132,"column":8},"end":{"line":132,"column":37}},{"start":{"line":132,"column":41},"end":{"line":132,"column":58}}],"line":132},"8":{"loc":{"start":{"line":205,"column":24},"end":{"line":206,"column":62}},"type":"binary-expr","locations":[{"start":{"line":205,"column":24},"end":{"line":205,"column":67}},{"start":{"line":206,"column":23},"end":{"line":206,"column":62}}],"line":205},"9":{"loc":{"start":{"line":207,"column":6},"end":{"line":209,"column":7}},"type":"if","locations":[{"start":{"line":207,"column":6},"end":{"line":209,"column":7}},{"start":{},"end":{}}],"line":207},"10":{"loc":{"start":{"line":214,"column":6},"end":{"line":216,"column":7}},"type":"if","locations":[{"start":{"line":214,"column":6},"end":{"line":216,"column":7}},{"start":{},"end":{}}],"line":214},"11":{"loc":{"start":{"line":214,"column":10},"end":{"line":214,"column":45}},"type":"binary-expr","locations":[{"start":{"line":214,"column":10},"end":{"line":214,"column":25}},{"start":{"line":214,"column":29},"end":{"line":214,"column":45}}],"line":214},"12":{"loc":{"start":{"line":220,"column":22},"end":{"line":220,"column":48}},"type":"binary-expr","locations":[{"start":{"line":220,"column":22},"end":{"line":220,"column":42}},{"start":{"line":220,"column":46},"end":{"line":220,"column":48}}],"line":220},"13":{"loc":{"start":{"line":222,"column":26},"end":{"line":222,"column":64}},"type":"binary-expr","locations":[{"start":{"line":222,"column":26},"end":{"line":222,"column":50}},{"start":{"line":222,"column":54},"end":{"line":222,"column":64}}],"line":222},"14":{"loc":{"start":{"line":223,"column":31},"end":{"line":223,"column":73}},"type":"binary-expr","locations":[{"start":{"line":223,"column":31},"end":{"line":223,"column":60}},{"start":{"line":223,"column":64},"end":{"line":223,"column":73}}],"line":223},"15":{"loc":{"start":{"line":224,"column":18},"end":{"line":224,"column":53}},"type":"binary-expr","locations":[{"start":{"line":224,"column":18},"end":{"line":224,"column":34}},{"start":{"line":224,"column":38},"end":{"line":224,"column":53}}],"line":224},"16":{"loc":{"start":{"line":225,"column":22},"end":{"line":225,"column":50}},"type":"binary-expr","locations":[{"start":{"line":225,"column":22},"end":{"line":225,"column":42}},{"start":{"line":225,"column":46},"end":{"line":225,"column":50}}],"line":225}},"s":{"0":0,"1":0,"2":0,"3":0,"4":0,"5":0,"6":0,"7":0,"8":0,"9":0,"10":0,"11":0,"12":0,"13":0,"14":0,"15":0,"16":0,"17":0,"18":0,"19":0,"20":0,"21":0,"22":0,"23":0,"24":0,"25":0,"26":0,"27":0,"28":0,"29":0,"30":0,"31":0,"32":0,"33":0,"34":0,"35":0,"36":0,"37":0,"38":0,"39":0,"40":0,"41":0,"42":0,"43":0,"44":0,"45":0,"46":0,"47":0,"48":0,"49":0},"f":{"0":0,"1":0,"2":0,"3":0,"4":0,"5":0,"6":0,"7":0,"8":0,"9":0},"b":{"0":[0,0],"1":[0,0],"2":[0,0],"3":[0,0],"4":[0,0],"5":[0,0],"6":[0,0],"7":[0,0],"8":[0,0],"9":[0,0],"10":[0,0],"11":[0,0],"12":[0,0],"13":[0,0],"14":[0,0],"15":[0,0],"16":[0,0]}}
,"/Users/test/project_for_agency/cat-mood-app/CatWishExpo/src/services/ai/providers/MockProvider.ts": {"path":"/Users/test/project_for_agency/cat-mood-app/CatWishExpo/src/services/ai/providers/MockProvider.ts","statementMap":{"0":{"start":{"line":10,"column":9},"end":{"line":10,"column":30}},"1":{"start":{"line":18,"column":4},"end":{"line":18,"column":27}},"2":{"start":{"line":21,"column":21},"end":{"line":58,"column":5}},"3":{"start":{"line":61,"column":24},"end":{"line":61,"column":67}},"4":{"start":{"line":62,"column":4},"end":{"line":62,"column":33}},"5":{"start":{"line":69,"column":4},"end":{"line":69,"column":13}},"6":{"start":{"line":76,"column":4},"end":{"line":76,"column":16}},"7":{"start":{"line":83,"column":4},"end":{"line":83,"column":59}},"8":{"start":{"line":83,"column":34},"end":{"line":83,"column":57}}},"fnMap":{"0":{"name":"(anonymous_0)","decl":{"start":{"line":16,"column":2},"end":{"line":16,"column":3}},"loc":{"start":{"line":16,"column":64},"end":{"line":63,"column":3}},"line":16},"1":{"name":"(anonymous_1)","decl":{"start":{"line":68,"column":2},"end":{"line":68,"column":3}},"loc":{"start":{"line":68,"column":56},"end":{"line":70,"column":3}},"line":68},"2":{"name":"(anonymous_2)","decl":{"start":{"line":75,"column":2},"end":{"line":75,"column":3}},"loc":{"start":{"line":75,"column":40},"end":{"line":77,"column":3}},"line":75},"3":{"name":"(anonymous_3)","decl":{"start":{"line":82,"column":2},"end":{"line":82,"column":3}},"loc":{"start":{"line":82,"column":43},"end":{"line":84,"column":3}},"line":82},"4":{"name":"(anonymous_4)","decl":{"start":{"line":83,"column":23},"end":{"line":83,"column":24}},"loc":{"start":{"line":83,"column":34},"end":{"line":83,"column":57}},"line":83}},"branchMap":{},"s":{"0":0,"1":0,"2":0,"3":0,"4":0,"5":0,"6":0,"7":0,"8":0},"f":{"0":0,"1":0,"2":0,"3":0,"4":0},"b":{}}
,"/Users/test/project_for_agency/cat-mood-app/CatWishExpo/src/types/navigation.ts": {"path":"/Users/test/project_for_agency/cat-mood-app/CatWishExpo/src/types/navigation.ts","statementMap":{},"fnMap":{},"branchMap":{},"s":{},"f":{},"b":{}}
,"/Users/test/project_for_agency/cat-mood-app/CatWishExpo/src/utils/performance.ts": {"path":"/Users/test/project_for_agency/cat-mood-app/CatWishExpo/src/utils/performance.ts","statementMap":{"0":{"start":{"line":17,"column":21},"end":{"line":17,"column":45}},"1":{"start":{"line":19,"column":2},"end":{"line":30,"column":4}},"2":{"start":{"line":21,"column":6},"end":{"line":23,"column":7}},"3":{"start":{"line":22,"column":8},"end":{"line":22,"column":41}},"4":{"start":{"line":25,"column":6},"end":{"line":27,"column":16}},"5":{"start":{"line":26,"column":8},"end":{"line":26,"column":20}},"6":{"start":{"line":42,"column":24},"end":{"line":42,"column":37}},"7":{"start":{"line":43,"column":21},"end":{"line":43,"column":45}},"8":{"start":{"line":45,"column":2},"end":{"line":63,"column":4}},"9":{"start":{"line":47,"column":6},"end":{"line":49,"column":7}},"10":{"start":{"line":48,"column":8},"end":{"line":48,"column":15}},"11":{"start":{"line":51,"column":6},"end":{"line":51,"column":18}},"12":{"start":{"line":52,"column":6},"end":{"line":52,"column":35}},"13":{"start":{"line":54,"column":6},"end":{"line":56,"column":7}},"14":{"start":{"line":55,"column":8},"end":{"line":55,"column":41}},"15":{"start":{"line":58,"column":6},"end":{"line":60,"column":16}},"16":{"start":{"line":59,"column":8},"end":{"line":59,"column":38}},"17":{"start":{"line":71,"column":25},"end":{"line":71,"column":34}},"18":{"start":{"line":72,"column":23},"end":{"line":72,"column":41}},"19":{"start":{"line":74,"column":2},"end":{"line":86,"column":5}},"20":{"start":{"line":75,"column":4},"end":{"line":75,"column":32}},"21":{"start":{"line":77,"column":24},"end":{"line":77,"column":34}},"22":{"start":{"line":78,"column":26},"end":{"line":78,"column":60}},"23":{"start":{"line":80,"column":4},"end":{"line":85,"column":5}},"24":{"start":{"line":81,"column":6},"end":{"line":84,"column":8}},"25":{"start":{"line":88,"column":20},"end":{"line":95,"column":21}},"26":{"start":{"line":89,"column":4},"end":{"line":94,"column":6}},"27":{"start":{"line":97,"column":2},"end":{"line":97,"column":23}},"28":{"start":{"line":107,"column":40},"end":{"line":107,"column":44}},"29":{"start":{"line":109,"column":2},"end":{"line":117,"column":4}},"30":{"start":{"line":110,"column":4},"end":{"line":116,"column":6}},"31":{"start":{"line":111,"column":6},"end":{"line":111,"column":47}},"32":{"start":{"line":113,"column":6},"end":{"line":115,"column":15}},"33":{"start":{"line":114,"column":23},"end":{"line":114,"column":52}},"34":{"start":{"line":123,"column":26},"end":{"line":123,"column":51}},"35":{"start":{"line":126,"column":2},"end":{"line":126,"column":37}},"36":{"start":{"line":131,"column":2},"end":{"line":134,"column":3}},"37":{"start":{"line":132,"column":21},"end":{"line":132,"column":51}},"38":{"start":{"line":133,"column":4},"end":{"line":133,"column":32}},"39":{"start":{"line":136,"column":2},"end":{"line":136,"column":30}},"40":{"start":{"line":143,"column":2},"end":{"line":153,"column":5}},"41":{"start":{"line":145,"column":4},"end":{"line":152,"column":5}},"42":{"start":{"line":146,"column":6},"end":{"line":148,"column":9}},"43":{"start":{"line":146,"column":32},"end":{"line":146,"column":40}},"44":{"start":{"line":151,"column":6},"end":{"line":151,"column":45}},"45":{"start":{"line":151,"column":23},"end":{"line":151,"column":31}}},"fnMap":{"0":{"name":"useDebounce","decl":{"start":{"line":13,"column":16},"end":{"line":13,"column":27}},"loc":{"start":{"line":16,"column":36},"end":{"line":31,"column":1}},"line":16},"1":{"name":"(anonymous_1)","decl":{"start":{"line":20,"column":4},"end":{"line":20,"column":5}},"loc":{"start":{"line":20,"column":32},"end":{"line":28,"column":5}},"line":20},"2":{"name":"(anonymous_2)","decl":{"start":{"line":25,"column":38},"end":{"line":25,"column":39}},"loc":{"start":{"line":25,"column":44},"end":{"line":27,"column":7}},"line":25},"3":{"name":"useThrottle","decl":{"start":{"line":38,"column":16},"end":{"line":38,"column":27}},"loc":{"start":{"line":41,"column":36},"end":{"line":64,"column":1}},"line":41},"4":{"name":"(anonymous_4)","decl":{"start":{"line":46,"column":4},"end":{"line":46,"column":5}},"loc":{"start":{"line":46,"column":32},"end":{"line":61,"column":5}},"line":46},"5":{"name":"(anonymous_5)","decl":{"start":{"line":58,"column":38},"end":{"line":58,"column":39}},"loc":{"start":{"line":58,"column":44},"end":{"line":60,"column":7}},"line":58},"6":{"name":"usePerformanceMonitor","decl":{"start":{"line":70,"column":16},"end":{"line":70,"column":37}},"loc":{"start":{"line":70,"column":61},"end":{"line":98,"column":1}},"line":70},"7":{"name":"(anonymous_7)","decl":{"start":{"line":74,"column":12},"end":{"line":74,"column":13}},"loc":{"start":{"line":74,"column":18},"end":{"line":86,"column":3}},"line":74},"8":{"name":"(anonymous_8)","decl":{"start":{"line":88,"column":32},"end":{"line":88,"column":33}},"loc":{"start":{"line":88,"column":38},"end":{"line":95,"column":3}},"line":88},"9":{"name":"lazyLoad","decl":{"start":{"line":105,"column":16},"end":{"line":105,"column":24}},"loc":{"start":{"line":108,"column":32},"end":{"line":118,"column":1}},"line":108},"10":{"name":"(anonymous_10)","decl":{"start":{"line":107,"column":34},"end":{"line":107,"column":35}},"loc":{"start":{"line":107,"column":40},"end":{"line":107,"column":44}},"line":107},"11":{"name":"(anonymous_11)","decl":{"start":{"line":109,"column":20},"end":{"line":109,"column":21}},"loc":{"start":{"line":110,"column":4},"end":{"line":116,"column":6}},"line":110},"12":{"name":"(anonymous_12)","decl":{"start":{"line":110,"column":23},"end":{"line":110,"column":24}},"loc":{"start":{"line":110,"column":34},"end":{"line":116,"column":5}},"line":110},"13":{"name":"(anonymous_13)","decl":{"start":{"line":114,"column":17},"end":{"line":114,"column":18}},"loc":{"start":{"line":114,"column":23},"end":{"line":114,"column":52}},"line":114},"14":{"name":"getCachedImage","decl":{"start":{"line":125,"column":16},"end":{"line":125,"column":30}},"loc":{"start":{"line":125,"column":59},"end":{"line":127,"column":1}},"line":125},"15":{"name":"setCachedImage","decl":{"start":{"line":129,"column":16},"end":{"line":129,"column":30}},"loc":{"start":{"line":129,"column":66},"end":{"line":137,"column":1}},"line":129},"16":{"name":"batchUpdates","decl":{"start":{"line":142,"column":16},"end":{"line":142,"column":28}},"loc":{"start":{"line":142,"column":57},"end":{"line":154,"column":1}},"line":142},"17":{"name":"(anonymous_17)","decl":{"start":{"line":143,"column":18},"end":{"line":143,"column":19}},"loc":{"start":{"line":143,"column":37},"end":{"line":153,"column":3}},"line":143},"18":{"name":"(anonymous_18)","decl":{"start":{"line":146,"column":26},"end":{"line":146,"column":27}},"loc":{"start":{"line":146,"column":32},"end":{"line":146,"column":40}},"line":146},"19":{"name":"(anonymous_19)","decl":{"start":{"line":151,"column":17},"end":{"line":151,"column":18}},"loc":{"start":{"line":151,"column":23},"end":{"line":151,"column":31}},"line":151}},"branchMap":{"0":{"loc":{"start":{"line":21,"column":6},"end":{"line":23,"column":7}},"type":"if","locations":[{"start":{"line":21,"column":6},"end":{"line":23,"column":7}},{"start":{},"end":{}}],"line":21},"1":{"loc":{"start":{"line":47,"column":6},"end":{"line":49,"column":7}},"type":"if","locations":[{"start":{"line":47,"column":6},"end":{"line":49,"column":7}},{"start":{},"end":{}}],"line":47},"2":{"loc":{"start":{"line":54,"column":6},"end":{"line":56,"column":7}},"type":"if","locations":[{"start":{"line":54,"column":6},"end":{"line":56,"column":7}},{"start":{},"end":{}}],"line":54},"3":{"loc":{"start":{"line":80,"column":4},"end":{"line":85,"column":5}},"type":"if","locations":[{"start":{"line":80,"column":4},"end":{"line":85,"column":5}},{"start":{},"end":{}}],"line":80},"4":{"loc":{"start":{"line":107,"column":2},"end":{"line":107,"column":44}},"type":"default-arg","locations":[{"start":{"line":107,"column":34},"end":{"line":107,"column":44}}],"line":107},"5":{"loc":{"start":{"line":126,"column":9},"end":{"line":126,"column":36}},"type":"binary-expr","locations":[{"start":{"line":126,"column":9},"end":{"line":126,"column":28}},{"start":{"line":126,"column":32},"end":{"line":126,"column":36}}],"line":126},"6":{"loc":{"start":{"line":131,"column":2},"end":{"line":134,"column":3}},"type":"if","locations":[{"start":{"line":131,"column":2},"end":{"line":134,"column":3}},{"start":{},"end":{}}],"line":131},"7":{"loc":{"start":{"line":145,"column":4},"end":{"line":152,"column":5}},"type":"if","locations":[{"start":{"line":145,"column":4},"end":{"line":152,"column":5}},{"start":{"line":149,"column":11},"end":{"line":152,"column":5}}],"line":145}},"s":{"0":0,"1":0,"2":0,"3":0,"4":0,"5":0,"6":0,"7":0,"8":0,"9":0,"10":0,"11":0,"12":0,"13":0,"14":0,"15":0,"16":0,"17":0,"18":0,"19":0,"20":0,"21":0,"22":0,"23":0,"24":0,"25":0,"26":0,"27":0,"28":0,"29":0,"30":0,"31":0,"32":0,"33":0,"34":0,"35":0,"36":0,"37":0,"38":0,"39":0,"40":0,"41":0,"42":0,"43":0,"44":0,"45":0},"f":{"0":0,"1":0,"2":0,"3":0,"4":0,"5":0,"6":0,"7":0,"8":0,"9":0,"10":0,"11":0,"12":0,"13":0,"14":0,"15":0,"16":0,"17":0,"18":0,"19":0},"b":{"0":[0,0],"1":[0,0],"2":[0,0],"3":[0,0],"4":[0],"5":[0,0],"6":[0,0],"7":[0,0]}}
}
