TN:
SF:src/components/Button.tsx
FN:28,(anonymous_0)
FN:43,(anonymous_1)
FNF:2
FNH:2
FNDA:46,(anonymous_0)
FNDA:2,(anonymous_1)
DA:28,1
DA:40,46
DA:41,46
DA:43,46
DA:45,2
DA:46,0
DA:50,2
DA:51,0
DA:52,0
DA:53,0
DA:55,0
DA:59,2
DA:60,2
DA:61,2
DA:63,0
DA:65,2
DA:69,46
DA:71,46
DA:104,1
LF:19
LH:13
BRDA:31,0,0,0
BRDA:32,1,0,0
BRDA:33,2,0,46
BRDA:34,3,0,46
BRDA:36,4,0,46
BRDA:37,5,0,46
BRDA:38,6,0,46
BRDA:45,7,0,0
BRDA:45,7,1,2
BRDA:45,8,0,2
BRDA:45,8,1,2
BRDA:45,8,2,2
BRDA:50,9,0,0
BRDA:50,9,1,2
BRDA:52,10,0,0
BRDA:52,10,1,0
BRDA:69,11,0,46
BRDA:69,11,1,46
BRDA:77,12,0,46
BRDA:77,12,1,0
BRDA:78,13,0,46
BRDA:78,13,1,46
BRDA:78,13,2,2
BRDA:81,14,0,46
BRDA:81,14,1,46
BRDA:84,15,0,2
BRDA:84,15,1,44
BRDA:85,16,0,1
BRDA:85,16,1,1
BRDA:85,17,0,2
BRDA:85,17,1,1
BRDA:88,18,0,44
BRDA:88,18,1,44
BRDA:88,19,0,44
BRDA:88,19,1,22
BRDA:88,19,2,22
BRF:36
BRH:29
end_of_record
TN:
SF:src/components/Card.tsx
FN:18,(anonymous_0)
FNF:1
FNH:0
FNDA:0,(anonymous_0)
DA:18,0
DA:25,0
DA:33,0
DA:34,0
DA:41,0
DA:48,0
LF:6
LH:0
BRDA:21,0,0,0
BRDA:22,1,0,0
BRDA:29,2,0,0
BRDA:29,2,1,0
BRDA:33,3,0,0
BRDA:33,3,1,0
BRF:6
BRH:0
end_of_record
TN:
SF:src/components/ErrorBoundary.tsx
FN:21,(anonymous_0)
FN:26,(anonymous_1)
FN:31,(anonymous_2)
FN:37,(anonymous_3)
FN:41,(anonymous_4)
FNF:5
FNH:0
FNDA:0,(anonymous_0)
FNDA:0,(anonymous_1)
FNDA:0,(anonymous_2)
FNDA:0,(anonymous_3)
FNDA:0,(anonymous_4)
DA:22,0
DA:23,0
DA:28,0
DA:33,0
DA:34,0
DA:37,0
DA:38,0
DA:42,0
DA:43,0
DA:59,0
DA:63,0
LF:11
LH:0
BRDA:42,0,0,0
BRDA:42,0,1,0
BRDA:49,1,0,0
BRDA:49,1,1,0
BRF:4
BRH:0
end_of_record
TN:
SF:src/components/LoadingSpinner.tsx
FN:17,(anonymous_0)
FNF:1
FNH:0
FNDA:0,(anonymous_0)
DA:17,0
DA:24,0
DA:30,0
DA:31,0
DA:34,0
DA:37,0
LF:6
LH:0
BRDA:18,0,0,0
BRDA:19,1,0,0
BRDA:21,2,0,0
BRDA:26,3,0,0
BRDA:26,3,1,0
BRDA:30,4,0,0
BRDA:30,4,1,0
BRF:7
BRH:0
end_of_record
TN:
SF:src/components/Skeleton.tsx
FN:17,(anonymous_0)
FN:33,(anonymous_1)
FN:46,(anonymous_2)
FN:49,(anonymous_3)
FNF:4
FNH:0
FNDA:0,(anonymous_0)
FNDA:0,(anonymous_1)
FNDA:0,(anonymous_2)
FNDA:0,(anonymous_3)
DA:17,0
DA:22,0
DA:33,0
DA:34,0
DA:46,0
DA:47,0
DA:50,0
DA:56,0
LF:8
LH:0
BRDA:18,0,0,0
BRDA:19,1,0,0
BRDA:46,2,0,0
BRF:3
BRH:0
end_of_record
TN:
SF:src/components/Toast.tsx
FN:21,(anonymous_0)
FN:31,(anonymous_1)
FN:46,(anonymous_2)
FN:50,(anonymous_3)
FN:54,(anonymous_4)
FN:66,(anonymous_5)
FN:73,(anonymous_6)
FNF:7
FNH:0
FNDA:0,(anonymous_0)
FNDA:0,(anonymous_1)
FNDA:0,(anonymous_2)
FNDA:0,(anonymous_3)
FNDA:0,(anonymous_4)
FNDA:0,(anonymous_5)
FNDA:0,(anonymous_6)
DA:19,0
DA:21,0
DA:28,0
DA:29,0
DA:31,0
DA:32,0
DA:33,0
DA:46,0
DA:47,0
DA:50,0
DA:54,0
DA:55,0
DA:67,0
DA:71,0
DA:73,0
DA:74,0
DA:92,0
DA:95,0
DA:97,0
DA:114,0
LF:20
LH:0
BRDA:23,0,0,0
BRDA:24,1,0,0
BRDA:32,2,0,0
BRDA:32,2,1,0
BRDA:71,3,0,0
BRDA:71,3,1,0
BRF:6
BRH:0
end_of_record
TN:
SF:src/config/api.ts
FNF:0
FNH:0
DA:6,0
LF:1
LH:0
BRF:0
BRH:0
end_of_record
TN:
SF:src/constants/theme.ts
FNF:0
FNH:0
DA:7,2
DA:64,2
DA:114,2
DA:124,2
DA:132,2
DA:157,2
DA:164,2
LF:7
LH:7
BRF:0
BRH:0
end_of_record
TN:
SF:src/context/AppContext.tsx
FN:34,(anonymous_0)
FN:40,(anonymous_1)
FN:47,(anonymous_2)
FN:51,(anonymous_3)
FN:81,(anonymous_4)
FNF:5
FNH:0
FNDA:0,(anonymous_0)
FNDA:0,(anonymous_1)
FNDA:0,(anonymous_2)
FNDA:0,(anonymous_3)
FNDA:0,(anonymous_4)
DA:32,0
DA:34,0
DA:35,0
DA:36,0
DA:37,0
DA:39,0
DA:41,0
DA:42,0
DA:47,0
DA:48,0
DA:51,0
DA:52,0
DA:55,0
DA:81,0
DA:82,0
DA:83,0
DA:84,0
DA:86,0
LF:18
LH:0
BRDA:40,0,0,0
BRDA:40,1,0,0
BRDA:68,2,0,0
BRDA:68,2,1,0
BRDA:83,3,0,0
BRDA:83,3,1,0
BRF:6
BRH:0
end_of_record
TN:
SF:src/navigation/AppNavigator.simple.tsx
FN:12,SimpleHomeScreen
FN:20,(anonymous_1)
FN:28,(anonymous_2)
FN:38,SimpleHistoryScreen
FN:48,SimpleProfileScreen
FN:58,MainTabs
FN:94,AppNavigator
FNF:7
FNH:0
FNDA:0,SimpleHomeScreen
FNDA:0,(anonymous_1)
FNDA:0,(anonymous_2)
FNDA:0,SimpleHistoryScreen
FNDA:0,SimpleProfileScreen
FNDA:0,MainTabs
FNDA:0,AppNavigator
DA:8,0
DA:9,0
DA:13,0
DA:20,0
DA:28,0
DA:39,0
DA:49,0
DA:59,0
DA:95,0
DA:104,0
LF:10
LH:0
BRF:0
BRH:0
end_of_record
TN:
SF:src/navigation/AppNavigator.tsx
FN:31,MainTabs
FN:56,(anonymous_1)
FN:66,(anonymous_2)
FN:76,(anonymous_3)
FN:88,TabIcon
FN:103,AppNavigator
FN:111,(anonymous_6)
FNF:7
FNH:0
FNDA:0,MainTabs
FNDA:0,(anonymous_1)
FNDA:0,(anonymous_2)
FNDA:0,(anonymous_3)
FNDA:0,TabIcon
FNDA:0,AppNavigator
FNDA:0,(anonymous_6)
DA:25,0
DA:26,0
DA:32,0
DA:57,0
DA:67,0
DA:77,0
DA:91,0
DA:97,0
DA:104,0
DA:112,0
LF:10
LH:0
BRDA:97,0,0,0
BRDA:97,0,1,0
BRF:2
BRH:0
end_of_record
TN:
SF:src/screens/AnalysisScreen.tsx
FN:34,AnalysisScreen
FN:41,(anonymous_1)
FN:57,(anonymous_2)
FN:67,(anonymous_3)
FN:82,(anonymous_4)
FN:141,AnalysisStep
FN:145,(anonymous_6)
FN:146,(anonymous_7)
FN:147,(anonymous_8)
FN:155,(anonymous_9)
FNF:10
FNH:0
FNDA:0,AnalysisScreen
FNDA:0,(anonymous_1)
FNDA:0,(anonymous_2)
FNDA:0,(anonymous_3)
FNDA:0,(anonymous_4)
FNDA:0,AnalysisStep
FNDA:0,(anonymous_6)
FNDA:0,(anonymous_7)
FNDA:0,(anonymous_8)
FNDA:0,(anonymous_9)
DA:35,0
DA:38,0
DA:39,0
DA:41,0
DA:43,0
DA:57,0
DA:58,0
DA:59,0
DA:62,0
DA:64,0
DA:67,0
DA:68,0
DA:75,0
DA:78,0
DA:82,0
DA:89,0
DA:92,0
DA:142,0
DA:143,0
DA:145,0
DA:146,0
DA:147,0
DA:148,0
DA:155,0
DA:156,0
DA:157,0
DA:161,0
DA:163,0
DA:171,0
LF:29
LH:0
BRDA:161,0,0,0
BRDA:161,0,1,0
BRF:2
BRH:0
end_of_record
TN:
SF:src/screens/CameraScreen.tsx
FN:40,CameraScreen
FN:45,(anonymous_1)
FN:49,(anonymous_2)
FN:67,(anonymous_3)
FN:71,(anonymous_4)
FN:91,(anonymous_5)
FN:97,(anonymous_6)
FN:114,(anonymous_7)
FN:122,(anonymous_8)
FN:126,(anonymous_9)
FNF:10
FNH:0
FNDA:0,CameraScreen
FNDA:0,(anonymous_1)
FNDA:0,(anonymous_2)
FNDA:0,(anonymous_3)
FNDA:0,(anonymous_4)
FNDA:0,(anonymous_5)
FNDA:0,(anonymous_6)
FNDA:0,(anonymous_7)
FNDA:0,(anonymous_8)
FNDA:0,(anonymous_9)
DA:41,0
DA:42,0
DA:45,0
DA:46,0
DA:47,0
DA:49,0
DA:52,0
DA:58,0
DA:59,0
DA:61,0
DA:63,0
DA:67,0
DA:68,0
DA:69,0
DA:71,0
DA:73,0
DA:79,0
DA:80,0
DA:82,0
DA:83,0
DA:85,0
DA:87,0
DA:91,0
DA:92,0
DA:94,0
DA:95,0
DA:97,0
DA:100,0
DA:105,0
DA:106,0
DA:108,0
DA:110,0
DA:114,0
DA:115,0
DA:116,0
DA:122,0
DA:123,0
DA:126,0
DA:127,0
DA:130,0
DA:225,0
DA:227,0
LF:42
LH:0
BRDA:61,0,0,0
BRDA:61,0,1,0
BRDA:82,1,0,0
BRDA:82,1,1,0
BRDA:85,2,0,0
BRDA:85,2,1,0
BRDA:92,3,0,0
BRDA:92,3,1,0
BRDA:108,4,0,0
BRDA:108,4,1,0
BRDA:115,5,0,0
BRDA:115,5,1,0
BRDA:145,6,0,0
BRDA:145,6,1,0
BRDA:168,7,0,0
BRDA:168,7,1,0
BRDA:204,8,0,0
BRDA:204,8,1,0
BRDA:216,9,0,0
BRDA:216,9,1,0
BRF:20
BRH:0
end_of_record
TN:
SF:src/screens/HistoryScreen.tsx
FN:32,HistoryScreen
FN:40,(anonymous_1)
FN:45,(anonymous_2)
FN:49,(anonymous_3)
FN:62,(anonymous_4)
FN:70,(anonymous_5)
FN:87,(anonymous_6)
FN:97,(anonymous_7)
FN:106,(anonymous_8)
FN:120,(anonymous_9)
FN:127,(anonymous_10)
FN:172,(anonymous_11)
FN:178,(anonymous_12)
FN:184,(anonymous_13)
FN:190,(anonymous_14)
FN:211,(anonymous_15)
FN:215,(anonymous_16)
FN:216,(anonymous_17)
FNF:18
FNH:0
FNDA:0,HistoryScreen
FNDA:0,(anonymous_1)
FNDA:0,(anonymous_2)
FNDA:0,(anonymous_3)
FNDA:0,(anonymous_4)
FNDA:0,(anonymous_5)
FNDA:0,(anonymous_6)
FNDA:0,(anonymous_7)
FNDA:0,(anonymous_8)
FNDA:0,(anonymous_9)
FNDA:0,(anonymous_10)
FNDA:0,(anonymous_11)
FNDA:0,(anonymous_12)
FNDA:0,(anonymous_13)
FNDA:0,(anonymous_14)
FNDA:0,(anonymous_15)
FNDA:0,(anonymous_16)
FNDA:0,(anonymous_17)
DA:33,0
DA:34,0
DA:35,0
DA:36,0
DA:37,0
DA:40,0
DA:41,0
DA:45,0
DA:46,0
DA:49,0
DA:50,0
DA:51,0
DA:52,0
DA:53,0
DA:55,0
DA:56,0
DA:58,0
DA:62,0
DA:63,0
DA:66,0
DA:67,0
DA:68,0
DA:70,0
DA:71,0
DA:72,0
DA:74,0
DA:76,0
DA:78,0
DA:80,0
DA:86,0
DA:87,0
DA:88,0
DA:94,0
DA:97,0
DA:98,0
DA:107,0
DA:108,0
DA:109,0
DA:111,0
DA:112,0
DA:120,0
DA:121,0
DA:127,0
DA:128,0
DA:129,0
DA:130,0
DA:131,0
DA:133,0
DA:134,0
DA:135,0
DA:136,0
DA:137,0
DA:138,0
DA:140,0
DA:144,0
DA:172,0
DA:178,0
DA:184,0
DA:190,0
DA:212,0
DA:215,0
DA:216,0
DA:241,0
LF:63
LH:0
BRDA:66,0,0,0
BRDA:66,0,1,0
BRDA:72,1,0,0
BRDA:72,1,1,0
BRDA:72,1,2,0
BRDA:72,1,3,0
BRDA:86,2,0,0
BRDA:86,2,1,0
BRDA:88,3,0,0
BRDA:88,3,1,0
BRDA:88,3,2,0
BRDA:133,4,0,0
BRDA:133,4,1,0
BRDA:135,5,0,0
BRDA:135,5,1,0
BRDA:137,6,0,0
BRDA:137,6,1,0
BRDA:171,7,0,0
BRDA:171,7,1,0
BRDA:174,8,0,0
BRDA:174,8,1,0
BRDA:177,9,0,0
BRDA:177,9,1,0
BRDA:180,10,0,0
BRDA:180,10,1,0
BRDA:183,11,0,0
BRDA:183,11,1,0
BRDA:186,12,0,0
BRDA:186,12,1,0
BRDA:189,13,0,0
BRDA:189,13,1,0
BRDA:192,14,0,0
BRDA:192,14,1,0
BRDA:197,15,0,0
BRDA:197,15,1,0
BRDA:201,16,0,0
BRDA:201,16,1,0
BRDA:227,17,0,0
BRDA:227,17,1,0
BRF:39
BRH:0
end_of_record
TN:
SF:src/screens/HomeScreen.tsx
FN:26,(anonymous_0)
FN:28,(anonymous_1)
FN:32,(anonymous_2)
FN:37,(anonymous_3)
FN:42,(anonymous_4)
FNF:5
FNH:5
FNDA:15,(anonymous_0)
FNDA:1,(anonymous_1)
FNDA:1,(anonymous_2)
FNDA:1,(anonymous_3)
FNDA:15,(anonymous_4)
DA:26,1
DA:28,15
DA:29,1
DA:32,15
DA:34,1
DA:37,15
DA:38,1
DA:42,15
DA:48,15
DA:115,1
LF:10
LH:10
BRF:0
BRH:0
end_of_record
TN:
SF:src/screens/MemeEditorScreen.tsx
FN:42,MemeEditorScreen
FN:68,(anonymous_1)
FN:70,(anonymous_2)
FN:77,(anonymous_3)
FN:106,(anonymous_4)
FN:123,(anonymous_5)
FN:137,(anonymous_6)
FN:148,(anonymous_7)
FN:185,(anonymous_8)
FN:228,(anonymous_9)
FN:235,(anonymous_10)
FN:258,(anonymous_11)
FN:265,(anonymous_12)
FN:323,(anonymous_13)
FN:340,(anonymous_14)
FN:352,(anonymous_15)
FNF:16
FNH:0
FNDA:0,MemeEditorScreen
FNDA:0,(anonymous_1)
FNDA:0,(anonymous_2)
FNDA:0,(anonymous_3)
FNDA:0,(anonymous_4)
FNDA:0,(anonymous_5)
FNDA:0,(anonymous_6)
FNDA:0,(anonymous_7)
FNDA:0,(anonymous_8)
FNDA:0,(anonymous_9)
FNDA:0,(anonymous_10)
FNDA:0,(anonymous_11)
FNDA:0,(anonymous_12)
FNDA:0,(anonymous_13)
FNDA:0,(anonymous_14)
FNDA:0,(anonymous_15)
DA:43,0
DA:46,0
DA:49,0
DA:50,0
DA:51,0
DA:52,0
DA:53,0
DA:54,0
DA:56,0
DA:62,0
DA:68,0
DA:69,0
DA:70,0
DA:71,0
DA:72,0
DA:77,0
DA:78,0
DA:79,0
DA:80,0
DA:83,0
DA:84,0
DA:85,0
DA:93,0
DA:94,0
DA:95,0
DA:96,0
DA:98,0
DA:99,0
DA:101,0
DA:106,0
DA:107,0
DA:109,0
DA:110,0
DA:111,0
DA:112,0
DA:114,0
DA:117,0
DA:118,0
DA:123,0
DA:124,0
DA:126,0
DA:127,0
DA:132,0
DA:137,0
DA:138,0
DA:139,0
DA:141,0
DA:144,0
DA:148,0
DA:186,0
DA:229,0
DA:235,0
DA:259,0
DA:265,0
DA:324,0
DA:325,0
DA:340,0
DA:352,0
DA:370,0
LF:59
LH:0
BRDA:51,0,0,0
BRDA:51,0,1,0
BRDA:51,0,2,0
BRDA:69,1,0,0
BRDA:69,1,1,0
BRDA:71,2,0,0
BRDA:71,2,1,0
BRDA:78,3,0,0
BRDA:78,3,1,0
BRDA:99,4,0,0
BRDA:99,4,1,0
BRDA:107,5,0,0
BRDA:107,5,1,0
BRDA:111,6,0,0
BRDA:111,6,1,0
BRDA:124,7,0,0
BRDA:124,7,1,0
BRDA:138,8,0,0
BRDA:138,8,1,0
BRDA:170,9,0,0
BRDA:170,9,1,0
BRDA:201,10,0,0
BRDA:201,10,1,0
BRDA:208,11,0,0
BRDA:208,11,1,0
BRDA:217,12,0,0
BRDA:217,12,1,0
BRDA:233,13,0,0
BRDA:233,13,1,0
BRDA:242,14,0,0
BRDA:242,14,1,0
BRDA:263,15,0,0
BRDA:263,15,1,0
BRDA:291,16,0,0
BRDA:291,16,1,0
BRDA:293,17,0,0
BRDA:293,17,1,0
BRDA:295,18,0,0
BRDA:295,18,1,0
BRDA:299,19,0,0
BRDA:299,19,1,0
BRDA:305,20,0,0
BRDA:305,20,1,0
BRF:43
BRH:0
end_of_record
TN:
SF:src/screens/ProfileScreen.tsx
FN:17,ProfileScreen
FN:31,(anonymous_1)
FN:32,(anonymous_2)
FN:33,(anonymous_3)
FN:34,(anonymous_4)
FN:35,(anonymous_5)
FN:36,(anonymous_6)
FN:54,MenuItem
FNF:8
FNH:0
FNDA:0,ProfileScreen
FNDA:0,(anonymous_1)
FNDA:0,(anonymous_2)
FNDA:0,(anonymous_3)
FNDA:0,(anonymous_4)
FNDA:0,(anonymous_5)
FNDA:0,(anonymous_6)
FNDA:0,MenuItem
DA:18,0
DA:55,0
DA:64,0
LF:3
LH:0
BRF:0
BRH:0
end_of_record
TN:
SF:src/screens/ResultScreen.tsx
FN:39,ResultScreen
FN:43,(anonymous_1)
FN:47,(anonymous_2)
FN:64,(anonymous_3)
FN:71,(anonymous_4)
FN:86,(anonymous_5)
FN:91,(anonymous_6)
FN:97,(anonymous_7)
FN:108,(anonymous_8)
FN:130,(anonymous_9)
FNF:10
FNH:8
FNDA:21,ResultScreen
FNDA:21,(anonymous_1)
FNDA:21,(anonymous_2)
FNDA:1,(anonymous_3)
FNDA:1,(anonymous_4)
FNDA:1,(anonymous_5)
FNDA:0,(anonymous_6)
FNDA:1,(anonymous_7)
FNDA:0,(anonymous_8)
FNDA:1,(anonymous_9)
DA:40,21
DA:43,21
DA:44,21
DA:47,21
DA:48,21
DA:49,21
DA:57,21
DA:58,21
DA:60,0
DA:64,21
DA:65,1
DA:71,21
DA:72,1
DA:73,1
DA:78,0
DA:79,0
DA:82,1
DA:86,21
DA:87,1
DA:91,0
DA:97,21
DA:98,1
DA:108,21
DA:109,0
DA:118,0
DA:119,0
DA:120,0
DA:123,0
DA:126,21
DA:130,1
DA:233,1
LF:31
LH:22
BRDA:78,0,0,0
BRDA:78,0,1,0
BRDA:119,1,0,0
BRDA:119,1,1,0
BRDA:200,2,0,21
BRDA:200,2,1,0
BRF:6
BRH:1
end_of_record
TN:
SF:src/services/MemeGenerator.ts
FN:33,(anonymous_0)
FN:61,(anonymous_1)
FN:96,(anonymous_2)
FN:126,(anonymous_3)
FN:147,(anonymous_4)
FN:155,(anonymous_5)
FN:183,(anonymous_6)
FN:194,(anonymous_7)
FNF:8
FNH:0
FNDA:0,(anonymous_0)
FNDA:0,(anonymous_1)
FNDA:0,(anonymous_2)
FNDA:0,(anonymous_3)
FNDA:0,(anonymous_4)
FNDA:0,(anonymous_5)
FNDA:0,(anonymous_6)
FNDA:0,(anonymous_7)
DA:34,0
DA:35,0
DA:38,0
DA:45,0
DA:47,0
DA:53,0
DA:54,0
DA:62,0
DA:63,0
DA:66,0
DA:67,0
DA:68,0
DA:69,0
DA:70,0
DA:75,0
DA:76,0
DA:78,0
DA:79,0
DA:81,0
DA:83,0
DA:84,0
DA:86,0
DA:89,0
DA:97,0
DA:98,0
DA:100,0
DA:101,0
DA:106,0
DA:111,0
DA:113,0
DA:115,0
DA:116,0
DA:118,0
DA:127,0
DA:128,0
DA:137,0
DA:139,0
DA:140,0
DA:148,0
DA:149,0
DA:156,0
DA:177,0
DA:184,0
DA:185,0
DA:187,0
DA:195,0
DA:204,0
LF:47
LH:0
BRDA:66,0,0,0
BRDA:66,0,1,0
BRDA:68,1,0,0
BRDA:68,1,1,0
BRDA:83,2,0,0
BRDA:83,2,1,0
BRDA:86,3,0,0
BRDA:86,3,1,0
BRDA:98,4,0,0
BRDA:98,4,1,0
BRDA:100,5,0,0
BRDA:100,5,1,0
BRDA:115,6,0,0
BRDA:115,6,1,0
BRDA:177,7,0,0
BRDA:177,7,1,0
BRF:16
BRH:0
end_of_record
TN:
SF:src/services/storage.ts
FN:39,(anonymous_0)
FN:68,(anonymous_1)
FN:91,(anonymous_2)
FN:105,(anonymous_3)
FN:110,(anonymous_4)
FN:127,(anonymous_5)
FN:130,(anonymous_6)
FN:140,(anonymous_7)
FN:158,(anonymous_8)
FN:168,(anonymous_9)
FN:175,(anonymous_10)
FN:186,(anonymous_11)
FN:190,(anonymous_12)
FN:206,(anonymous_13)
FN:218,(anonymous_14)
FN:229,(anonymous_15)
FN:241,(anonymous_16)
FN:262,(anonymous_17)
FNF:18
FNH:0
FNDA:0,(anonymous_0)
FNDA:0,(anonymous_1)
FNDA:0,(anonymous_2)
FNDA:0,(anonymous_3)
FNDA:0,(anonymous_4)
FNDA:0,(anonymous_5)
FNDA:0,(anonymous_6)
FNDA:0,(anonymous_7)
FNDA:0,(anonymous_8)
FNDA:0,(anonymous_9)
FNDA:0,(anonymous_10)
FNDA:0,(anonymous_11)
FNDA:0,(anonymous_12)
FNDA:0,(anonymous_13)
FNDA:0,(anonymous_14)
FNDA:0,(anonymous_15)
FNDA:0,(anonymous_16)
FNDA:0,(anonymous_17)
DA:25,0
DA:40,0
DA:42,0
DA:43,0
DA:46,0
DA:47,0
DA:48,0
DA:51,0
DA:52,0
DA:53,0
DA:54,0
DA:56,0
DA:57,0
DA:60,0
DA:61,0
DA:69,0
DA:70,0
DA:71,0
DA:73,0
DA:74,0
DA:75,0
DA:76,0
DA:77,0
DA:81,0
DA:83,0
DA:84,0
DA:92,0
DA:93,0
DA:94,0
DA:95,0
DA:97,0
DA:98,0
DA:106,0
DA:107,0
DA:108,0
DA:110,0
DA:111,0
DA:119,0
DA:120,0
DA:128,0
DA:129,0
DA:130,0
DA:132,0
DA:133,0
DA:141,0
DA:142,0
DA:143,0
DA:146,0
DA:148,0
DA:149,0
DA:151,0
DA:152,0
DA:154,0
DA:155,0
DA:158,0
DA:160,0
DA:161,0
DA:169,0
DA:171,0
DA:174,0
DA:175,0
DA:176,0
DA:178,0
DA:179,0
DA:187,0
DA:188,0
DA:189,0
DA:190,0
DA:192,0
DA:193,0
DA:196,0
DA:198,0
DA:199,0
DA:207,0
DA:208,0
DA:209,0
DA:211,0
DA:219,0
DA:220,0
DA:222,0
DA:230,0
DA:231,0
DA:232,0
DA:234,0
DA:242,0
DA:243,0
DA:244,0
DA:245,0
DA:247,0
DA:248,0
DA:253,0
DA:255,0
DA:263,0
DA:264,0
DA:266,0
DA:267,0
DA:273,0
LF:97
LH:0
BRDA:51,0,0,0
BRDA:51,0,1,0
BRDA:76,1,0,0
BRDA:76,1,1,0
BRDA:95,2,0,0
BRDA:95,2,1,0
BRDA:112,3,0,0
BRDA:112,3,1,0
BRDA:112,3,2,0
BRDA:112,3,3,0
BRDA:146,4,0,0
BRDA:146,4,1,0
BRDA:146,4,2,0
BRDA:209,5,0,0
BRDA:209,5,1,0
BRDA:232,6,0,0
BRDA:232,6,1,0
BRDA:245,7,0,0
BRDA:245,7,1,0
BRF:19
BRH:0
end_of_record
TN:
SF:src/services/ai/AIService.ts
FN:20,(anonymous_0)
FN:28,(anonymous_1)
FN:50,(anonymous_2)
FN:94,(anonymous_3)
FN:103,(anonymous_4)
FN:110,(anonymous_5)
FN:117,(anonymous_6)
FN:119,(anonymous_7)
FN:126,(anonymous_8)
FN:133,(anonymous_9)
FN:140,(anonymous_10)
FN:150,(anonymous_11)
FN:158,(anonymous_12)
FNF:13
FNH:0
FNDA:0,(anonymous_0)
FNDA:0,(anonymous_1)
FNDA:0,(anonymous_2)
FNDA:0,(anonymous_3)
FNDA:0,(anonymous_4)
FNDA:0,(anonymous_5)
FNDA:0,(anonymous_6)
FNDA:0,(anonymous_7)
FNDA:0,(anonymous_8)
FNDA:0,(anonymous_9)
FNDA:0,(anonymous_10)
FNDA:0,(anonymous_11)
FNDA:0,(anonymous_12)
DA:18,0
DA:21,0
DA:22,0
DA:29,0
DA:31,0
DA:33,0
DA:35,0
DA:38,0
DA:40,0
DA:42,0
DA:43,0
DA:51,0
DA:53,0
DA:54,0
DA:55,0
DA:59,0
DA:60,0
DA:64,0
DA:69,0
DA:72,0
DA:74,0
DA:77,0
DA:78,0
DA:81,0
DA:82,0
DA:83,0
DA:84,0
DA:87,0
DA:95,0
DA:96,0
DA:97,0
DA:104,0
DA:111,0
DA:118,0
DA:119,0
DA:120,0
DA:121,0
DA:124,0
DA:126,0
DA:134,0
DA:143,0
DA:144,0
DA:151,0
DA:152,0
DA:159,0
DA:160,0
DA:170,0
LF:47
LH:0
BRDA:20,0,0,0
BRDA:29,1,0,0
BRDA:29,1,1,0
BRDA:29,1,2,0
BRDA:29,1,3,0
BRDA:29,1,4,0
BRDA:29,1,5,0
BRDA:54,2,0,0
BRDA:54,2,1,0
BRDA:59,3,0,0
BRDA:59,3,1,0
BRDA:64,4,0,0
BRDA:64,4,1,0
BRDA:81,5,0,0
BRDA:81,5,1,0
BRF:15
BRH:0
end_of_record
TN:
SF:src/services/ai/config.ts
FNF:0
FNH:0
DA:13,0
DA:71,0
DA:81,0
LF:3
LH:0
BRDA:26,0,0,0
BRDA:26,0,1,0
BRDA:34,1,0,0
BRDA:34,1,1,0
BRDA:42,2,0,0
BRDA:42,2,1,0
BRF:6
BRH:0
end_of_record
TN:
SF:src/services/ai/types.ts
FNF:0
FNH:0
LF:0
LH:0
BRF:0
BRH:0
end_of_record
TN:
SF:src/services/ai/providers/ClaudeProvider.ts
FN:21,(anonymous_0)
FN:28,(anonymous_1)
FN:99,(anonymous_2)
FN:110,(anonymous_3)
FN:143,(anonymous_4)
FN:152,(anonymous_5)
FNF:6
FNH:0
FNDA:0,(anonymous_0)
FNDA:0,(anonymous_1)
FNDA:0,(anonymous_2)
FNDA:0,(anonymous_3)
FNDA:0,(anonymous_4)
FNDA:0,(anonymous_5)
DA:18,0
DA:22,0
DA:30,0
DA:31,0
DA:34,0
DA:36,0
DA:39,0
DA:42,0
DA:73,0
DA:74,0
DA:77,0
DA:80,0
DA:81,0
DA:83,0
DA:84,0
DA:87,0
DA:88,0
DA:91,0
DA:92,0
DA:102,0
DA:103,0
DA:104,0
DA:111,0
DA:112,0
DA:115,0
DA:116,0
DA:133,0
DA:135,0
DA:146,0
DA:156,0
DA:157,0
LF:31
LH:0
BRDA:30,0,0,0
BRDA:30,0,1,0
BRDA:73,1,0,0
BRDA:73,1,1,0
BRDA:83,2,0,0
BRDA:83,2,1,0
BRDA:111,3,0,0
BRDA:111,3,1,0
BRF:8
BRH:0
end_of_record
TN:
SF:src/services/ai/providers/GPT4VProvider.ts
FN:19,(anonymous_0)
FN:26,(anonymous_1)
FN:85,(anonymous_2)
FN:93,(anonymous_3)
FN:100,(anonymous_4)
FN:108,(anonymous_5)
FNF:6
FNH:0
FNDA:0,(anonymous_0)
FNDA:0,(anonymous_1)
FNDA:0,(anonymous_2)
FNDA:0,(anonymous_3)
FNDA:0,(anonymous_4)
FNDA:0,(anonymous_5)
DA:16,0
DA:20,0
DA:27,0
DA:28,0
DA:31,0
DA:32,0
DA:34,0
DA:61,0
DA:62,0
DA:65,0
DA:66,0
DA:67,0
DA:69,0
DA:70,0
DA:73,0
DA:74,0
DA:77,0
DA:78,0
DA:87,0
DA:94,0
DA:102,0
DA:109,0
DA:110,0
LF:23
LH:0
BRDA:27,0,0,0
BRDA:27,0,1,0
BRDA:61,1,0,0
BRDA:61,1,1,0
BRDA:69,2,0,0
BRDA:69,2,1,0
BRF:6
BRH:0
end_of_record
TN:
SF:src/services/ai/providers/KimiProvider.ts
FN:19,(anonymous_0)
FN:31,(anonymous_1)
FN:92,(anonymous_2)
FN:104,(anonymous_3)
FN:120,(anonymous_4)
FN:136,(anonymous_5)
FN:138,(anonymous_6)
FN:153,(anonymous_7)
FN:173,(anonymous_8)
FN:201,(anonymous_9)
FNF:10
FNH:0
FNDA:0,(anonymous_0)
FNDA:0,(anonymous_1)
FNDA:0,(anonymous_2)
FNDA:0,(anonymous_3)
FNDA:0,(anonymous_4)
FNDA:0,(anonymous_5)
FNDA:0,(anonymous_6)
FNDA:0,(anonymous_7)
FNDA:0,(anonymous_8)
FNDA:0,(anonymous_9)
DA:16,0
DA:20,0
DA:32,0
DA:34,0
DA:37,0
DA:70,0
DA:71,0
DA:72,0
DA:75,0
DA:76,0
DA:79,0
DA:80,0
DA:83,0
DA:84,0
DA:95,0
DA:96,0
DA:97,0
DA:98,0
DA:105,0
DA:106,0
DA:111,0
DA:113,0
DA:122,0
DA:123,0
DA:127,0
DA:128,0
DA:132,0
DA:134,0
DA:135,0
DA:136,0
DA:137,0
DA:138,0
DA:139,0
DA:140,0
DA:142,0
DA:143,0
DA:147,0
DA:154,0
DA:174,0
DA:202,0
DA:204,0
DA:205,0
DA:207,0
DA:208,0
DA:211,0
DA:214,0
DA:215,0
DA:218,0
DA:228,0
DA:229,0
LF:50
LH:0
BRDA:22,0,0,0
BRDA:22,0,1,0
BRDA:23,1,0,0
BRDA:23,1,1,0
BRDA:70,2,0,0
BRDA:70,2,1,0
BRDA:72,3,0,0
BRDA:72,3,1,0
BRDA:122,4,0,0
BRDA:122,4,1,0
BRDA:127,5,0,0
BRDA:127,5,1,0
BRDA:132,6,0,0
BRDA:132,6,1,0
BRDA:132,7,0,0
BRDA:132,7,1,0
BRDA:205,8,0,0
BRDA:205,8,1,0
BRDA:207,9,0,0
BRDA:207,9,1,0
BRDA:214,10,0,0
BRDA:214,10,1,0
BRDA:214,11,0,0
BRDA:214,11,1,0
BRDA:220,12,0,0
BRDA:220,12,1,0
BRDA:222,13,0,0
BRDA:222,13,1,0
BRDA:223,14,0,0
BRDA:223,14,1,0
BRDA:224,15,0,0
BRDA:224,15,1,0
BRDA:225,16,0,0
BRDA:225,16,1,0
BRF:34
BRH:0
end_of_record
TN:
SF:src/services/ai/providers/MockProvider.ts
FN:16,(anonymous_0)
FN:68,(anonymous_1)
FN:75,(anonymous_2)
FN:82,(anonymous_3)
FN:83,(anonymous_4)
FNF:5
FNH:0
FNDA:0,(anonymous_0)
FNDA:0,(anonymous_1)
FNDA:0,(anonymous_2)
FNDA:0,(anonymous_3)
FNDA:0,(anonymous_4)
DA:10,0
DA:18,0
DA:21,0
DA:61,0
DA:62,0
DA:69,0
DA:76,0
DA:83,0
LF:8
LH:0
BRF:0
BRH:0
end_of_record
TN:
SF:src/types/navigation.ts
FNF:0
FNH:0
LF:0
LH:0
BRF:0
BRH:0
end_of_record
TN:
SF:src/utils/performance.ts
FN:13,useDebounce
FN:20,(anonymous_1)
FN:25,(anonymous_2)
FN:38,useThrottle
FN:46,(anonymous_4)
FN:58,(anonymous_5)
FN:70,usePerformanceMonitor
FN:74,(anonymous_7)
FN:88,(anonymous_8)
FN:105,lazyLoad
FN:107,(anonymous_10)
FN:109,(anonymous_11)
FN:110,(anonymous_12)
FN:114,(anonymous_13)
FN:125,getCachedImage
FN:129,setCachedImage
FN:142,batchUpdates
FN:143,(anonymous_17)
FN:146,(anonymous_18)
FN:151,(anonymous_19)
FNF:20
FNH:0
FNDA:0,useDebounce
FNDA:0,(anonymous_1)
FNDA:0,(anonymous_2)
FNDA:0,useThrottle
FNDA:0,(anonymous_4)
FNDA:0,(anonymous_5)
FNDA:0,usePerformanceMonitor
FNDA:0,(anonymous_7)
FNDA:0,(anonymous_8)
FNDA:0,lazyLoad
FNDA:0,(anonymous_10)
FNDA:0,(anonymous_11)
FNDA:0,(anonymous_12)
FNDA:0,(anonymous_13)
FNDA:0,getCachedImage
FNDA:0,setCachedImage
FNDA:0,batchUpdates
FNDA:0,(anonymous_17)
FNDA:0,(anonymous_18)
FNDA:0,(anonymous_19)
DA:17,0
DA:19,0
DA:21,0
DA:22,0
DA:25,0
DA:26,0
DA:42,0
DA:43,0
DA:45,0
DA:47,0
DA:48,0
DA:51,0
DA:52,0
DA:54,0
DA:55,0
DA:58,0
DA:59,0
DA:71,0
DA:72,0
DA:74,0
DA:75,0
DA:77,0
DA:78,0
DA:80,0
DA:81,0
DA:88,0
DA:89,0
DA:97,0
DA:107,0
DA:109,0
DA:110,0
DA:111,0
DA:113,0
DA:114,0
DA:123,0
DA:126,0
DA:131,0
DA:132,0
DA:133,0
DA:136,0
DA:143,0
DA:145,0
DA:146,0
DA:151,0
LF:44
LH:0
BRDA:21,0,0,0
BRDA:21,0,1,0
BRDA:47,1,0,0
BRDA:47,1,1,0
BRDA:54,2,0,0
BRDA:54,2,1,0
BRDA:80,3,0,0
BRDA:80,3,1,0
BRDA:107,4,0,0
BRDA:126,5,0,0
BRDA:126,5,1,0
BRDA:131,6,0,0
BRDA:131,6,1,0
BRDA:145,7,0,0
BRDA:145,7,1,0
BRF:15
BRH:0
end_of_record
